[2021-02-10 08:51:25] local.ERROR: SQLSTATE[HY000] [2002] No such file or directory (SQL: select * from `home_profile` where `active` = 1 limit 1) {"exception":"[object] (Illuminate\\Database\\QueryException(code: 2002): SQLSTATE[HY000] [2002] No such file or directory (SQL: select * from `home_profile` where `active` = 1 limit 1) at /home/sankofa/lampstack-7.3.11-0/apache2/htdocs/Sankofa/vendor/laravel/framework/src/Illuminate/Database/Connection.php:664, Doctrine\\DBAL\\Driver\\PDOException(code: 2002): SQLSTATE[HY000] [2002] No such file or directory at /home/sankofa/lampstack-7.3.11-0/apache2/htdocs/Sankofa/vendor/doctrine/dbal/lib/Doctrine/DBAL/Driver/PDOConnection.php:31, PDOException(code: 2002): SQLSTATE[HY000] [2002] No such file or directory at /home/sankofa/lampstack-7.3.11-0/apache2/htdocs/Sankofa/vendor/doctrine/dbal/lib/Doctrine/DBAL/Driver/PDOConnection.php:27)
[stacktrace]
#0 /home/sankofa/lampstack-7.3.11-0/apache2/htdocs/Sankofa/vendor/laravel/framework/src/Illuminate/Database/Connection.php(624): Illuminate\\Database\\Connection->runQueryCallback('select * from `...', Array, Object(Closure))
#1 /home/sankofa/lampstack-7.3.11-0/apache2/htdocs/Sankofa/vendor/laravel/framework/src/Illuminate/Database/Connection.php(333): Illuminate\\Database\\Connection->run('select * from `...', Array, Object(Closure))
#2 /home/sankofa/lampstack-7.3.11-0/apache2/htdocs/Sankofa/vendor/laravel/framework/src/Illuminate/Database/Query/Builder.php(2130): Illuminate\\Database\\Connection->select('select * from `...', Array, true)
#3 /home/sankofa/lampstack-7.3.11-0/apache2/htdocs/Sankofa/vendor/laravel/framework/src/Illuminate/Database/Query/Builder.php(2118): Illuminate\\Database\\Query\\Builder->runSelect()
#4 /home/sankofa/lampstack-7.3.11-0/apache2/htdocs/Sankofa/vendor/laravel/framework/src/Illuminate/Database/Query/Builder.php(2604): Illuminate\\Database\\Query\\Builder->Illuminate\\Database\\Query\\{closure}()
#5 /home/sankofa/lampstack-7.3.11-0/apache2/htdocs/Sankofa/vendor/laravel/framework/src/Illuminate/Database/Query/Builder.php(2119): Illuminate\\Database\\Query\\Builder->onceWithColumns(Array, Object(Closure))
#6 /home/sankofa/lampstack-7.3.11-0/apache2/htdocs/Sankofa/vendor/laravel/framework/src/Illuminate/Database/Eloquent/Builder.php(521): Illuminate\\Database\\Query\\Builder->get(Array)
#7 /home/sankofa/lampstack-7.3.11-0/apache2/htdocs/Sankofa/vendor/laravel/framework/src/Illuminate/Database/Eloquent/Builder.php(505): Illuminate\\Database\\Eloquent\\Builder->getModels(Array)
#8 /home/sankofa/lampstack-7.3.11-0/apache2/htdocs/Sankofa/vendor/laravel/framework/src/Illuminate/Database/Concerns/BuildsQueries.php(77): Illuminate\\Database\\Eloquent\\Builder->get(Array)
#9 /home/sankofa/lampstack-7.3.11-0/apache2/htdocs/Sankofa/app/Providers/AppServiceProvider.php(31): Illuminate\\Database\\Eloquent\\Builder->first()
#10 [internal function]: App\\Providers\\AppServiceProvider->boot()
#11 /home/sankofa/lampstack-7.3.11-0/apache2/htdocs/Sankofa/vendor/laravel/framework/src/Illuminate/Container/BoundMethod.php(32): call_user_func_array(Array, Array)
#12 /home/sankofa/lampstack-7.3.11-0/apache2/htdocs/Sankofa/vendor/laravel/framework/src/Illuminate/Container/BoundMethod.php(90): Illuminate\\Container\\BoundMethod::Illuminate\\Container\\{closure}()
#13 /home/sankofa/lampstack-7.3.11-0/apache2/htdocs/Sankofa/vendor/laravel/framework/src/Illuminate/Container/BoundMethod.php(34): Illuminate\\Container\\BoundMethod::callBoundMethod(Object(Illuminate\\Foundation\\Application), Array, Object(Closure))
#14 /home/sankofa/lampstack-7.3.11-0/apache2/htdocs/Sankofa/vendor/laravel/framework/src/Illuminate/Container/Container.php(576): Illuminate\\Container\\BoundMethod::call(Object(Illuminate\\Foundation\\Application), Array, Array, NULL)
#15 /home/sankofa/lampstack-7.3.11-0/apache2/htdocs/Sankofa/vendor/laravel/framework/src/Illuminate/Foundation/Application.php(827): Illuminate\\Container\\Container->call(Array)
#16 /home/sankofa/lampstack-7.3.11-0/apache2/htdocs/Sankofa/vendor/laravel/framework/src/Illuminate/Foundation/Application.php(810): Illuminate\\Foundation\\Application->bootProvider(Object(App\\Providers\\AppServiceProvider))
#17 [internal function]: Illuminate\\Foundation\\Application->Illuminate\\Foundation\\{closure}(Object(App\\Providers\\AppServiceProvider), 22)
#18 /home/sankofa/lampstack-7.3.11-0/apache2/htdocs/Sankofa/vendor/laravel/framework/src/Illuminate/Foundation/Application.php(811): array_walk(Array, Object(Closure))
#19 /home/sankofa/lampstack-7.3.11-0/apache2/htdocs/Sankofa/vendor/laravel/framework/src/Illuminate/Foundation/Bootstrap/BootProviders.php(17): Illuminate\\Foundation\\Application->boot()
#20 /home/sankofa/lampstack-7.3.11-0/apache2/htdocs/Sankofa/vendor/laravel/framework/src/Illuminate/Foundation/Application.php(210): Illuminate\\Foundation\\Bootstrap\\BootProviders->bootstrap(Object(Illuminate\\Foundation\\Application))
#21 /home/sankofa/lampstack-7.3.11-0/apache2/htdocs/Sankofa/vendor/laravel/framework/src/Illuminate/Foundation/Http/Kernel.php(162): Illuminate\\Foundation\\Application->bootstrapWith(Array)
#22 /home/sankofa/lampstack-7.3.11-0/apache2/htdocs/Sankofa/vendor/laravel/framework/src/Illuminate/Foundation/Http/Kernel.php(146): Illuminate\\Foundation\\Http\\Kernel->bootstrap()
#23 /home/sankofa/lampstack-7.3.11-0/apache2/htdocs/Sankofa/vendor/laravel/framework/src/Illuminate/Foundation/Http/Kernel.php(116): Illuminate\\Foundation\\Http\\Kernel->sendRequestThroughRouter(Object(Illuminate\\Http\\Request))
#24 /home/sankofa/lampstack-7.3.11-0/apache2/htdocs/Sankofa/public/index.php(55): Illuminate\\Foundation\\Http\\Kernel->handle(Object(Illuminate\\Http\\Request))
#25 {main}
"} 
[2021-02-10 08:51:28] local.ERROR: SQLSTATE[HY000] [2002] No such file or directory (SQL: select * from `home_profile` where `active` = 1 limit 1) {"exception":"[object] (Illuminate\\Database\\QueryException(code: 2002): SQLSTATE[HY000] [2002] No such file or directory (SQL: select * from `home_profile` where `active` = 1 limit 1) at /home/sankofa/lampstack-7.3.11-0/apache2/htdocs/Sankofa/vendor/laravel/framework/src/Illuminate/Database/Connection.php:664, Doctrine\\DBAL\\Driver\\PDOException(code: 2002): SQLSTATE[HY000] [2002] No such file or directory at /home/sankofa/lampstack-7.3.11-0/apache2/htdocs/Sankofa/vendor/doctrine/dbal/lib/Doctrine/DBAL/Driver/PDOConnection.php:31, PDOException(code: 2002): SQLSTATE[HY000] [2002] No such file or directory at /home/sankofa/lampstack-7.3.11-0/apache2/htdocs/Sankofa/vendor/doctrine/dbal/lib/Doctrine/DBAL/Driver/PDOConnection.php:27)
[stacktrace]
#0 /home/sankofa/lampstack-7.3.11-0/apache2/htdocs/Sankofa/vendor/laravel/framework/src/Illuminate/Database/Connection.php(624): Illuminate\\Database\\Connection->runQueryCallback('select * from `...', Array, Object(Closure))
#1 /home/sankofa/lampstack-7.3.11-0/apache2/htdocs/Sankofa/vendor/laravel/framework/src/Illuminate/Database/Connection.php(333): Illuminate\\Database\\Connection->run('select * from `...', Array, Object(Closure))
#2 /home/sankofa/lampstack-7.3.11-0/apache2/htdocs/Sankofa/vendor/laravel/framework/src/Illuminate/Database/Query/Builder.php(2130): Illuminate\\Database\\Connection->select('select * from `...', Array, true)
#3 /home/sankofa/lampstack-7.3.11-0/apache2/htdocs/Sankofa/vendor/laravel/framework/src/Illuminate/Database/Query/Builder.php(2118): Illuminate\\Database\\Query\\Builder->runSelect()
#4 /home/sankofa/lampstack-7.3.11-0/apache2/htdocs/Sankofa/vendor/laravel/framework/src/Illuminate/Database/Query/Builder.php(2604): Illuminate\\Database\\Query\\Builder->Illuminate\\Database\\Query\\{closure}()
#5 /home/sankofa/lampstack-7.3.11-0/apache2/htdocs/Sankofa/vendor/laravel/framework/src/Illuminate/Database/Query/Builder.php(2119): Illuminate\\Database\\Query\\Builder->onceWithColumns(Array, Object(Closure))
#6 /home/sankofa/lampstack-7.3.11-0/apache2/htdocs/Sankofa/vendor/laravel/framework/src/Illuminate/Database/Eloquent/Builder.php(521): Illuminate\\Database\\Query\\Builder->get(Array)
#7 /home/sankofa/lampstack-7.3.11-0/apache2/htdocs/Sankofa/vendor/laravel/framework/src/Illuminate/Database/Eloquent/Builder.php(505): Illuminate\\Database\\Eloquent\\Builder->getModels(Array)
#8 /home/sankofa/lampstack-7.3.11-0/apache2/htdocs/Sankofa/vendor/laravel/framework/src/Illuminate/Database/Concerns/BuildsQueries.php(77): Illuminate\\Database\\Eloquent\\Builder->get(Array)
#9 /home/sankofa/lampstack-7.3.11-0/apache2/htdocs/Sankofa/app/Providers/AppServiceProvider.php(31): Illuminate\\Database\\Eloquent\\Builder->first()
#10 [internal function]: App\\Providers\\AppServiceProvider->boot()
#11 /home/sankofa/lampstack-7.3.11-0/apache2/htdocs/Sankofa/vendor/laravel/framework/src/Illuminate/Container/BoundMethod.php(32): call_user_func_array(Array, Array)
#12 /home/sankofa/lampstack-7.3.11-0/apache2/htdocs/Sankofa/vendor/laravel/framework/src/Illuminate/Container/BoundMethod.php(90): Illuminate\\Container\\BoundMethod::Illuminate\\Container\\{closure}()
#13 /home/sankofa/lampstack-7.3.11-0/apache2/htdocs/Sankofa/vendor/laravel/framework/src/Illuminate/Container/BoundMethod.php(34): Illuminate\\Container\\BoundMethod::callBoundMethod(Object(Illuminate\\Foundation\\Application), Array, Object(Closure))
#14 /home/sankofa/lampstack-7.3.11-0/apache2/htdocs/Sankofa/vendor/laravel/framework/src/Illuminate/Container/Container.php(576): Illuminate\\Container\\BoundMethod::call(Object(Illuminate\\Foundation\\Application), Array, Array, NULL)
#15 /home/sankofa/lampstack-7.3.11-0/apache2/htdocs/Sankofa/vendor/laravel/framework/src/Illuminate/Foundation/Application.php(827): Illuminate\\Container\\Container->call(Array)
#16 /home/sankofa/lampstack-7.3.11-0/apache2/htdocs/Sankofa/vendor/laravel/framework/src/Illuminate/Foundation/Application.php(810): Illuminate\\Foundation\\Application->bootProvider(Object(App\\Providers\\AppServiceProvider))
#17 [internal function]: Illuminate\\Foundation\\Application->Illuminate\\Foundation\\{closure}(Object(App\\Providers\\AppServiceProvider), 22)
#18 /home/sankofa/lampstack-7.3.11-0/apache2/htdocs/Sankofa/vendor/laravel/framework/src/Illuminate/Foundation/Application.php(811): array_walk(Array, Object(Closure))
#19 /home/sankofa/lampstack-7.3.11-0/apache2/htdocs/Sankofa/vendor/laravel/framework/src/Illuminate/Foundation/Bootstrap/BootProviders.php(17): Illuminate\\Foundation\\Application->boot()
#20 /home/sankofa/lampstack-7.3.11-0/apache2/htdocs/Sankofa/vendor/laravel/framework/src/Illuminate/Foundation/Application.php(210): Illuminate\\Foundation\\Bootstrap\\BootProviders->bootstrap(Object(Illuminate\\Foundation\\Application))
#21 /home/sankofa/lampstack-7.3.11-0/apache2/htdocs/Sankofa/vendor/laravel/framework/src/Illuminate/Foundation/Http/Kernel.php(162): Illuminate\\Foundation\\Application->bootstrapWith(Array)
#22 /home/sankofa/lampstack-7.3.11-0/apache2/htdocs/Sankofa/vendor/laravel/framework/src/Illuminate/Foundation/Http/Kernel.php(146): Illuminate\\Foundation\\Http\\Kernel->bootstrap()
#23 /home/sankofa/lampstack-7.3.11-0/apache2/htdocs/Sankofa/vendor/laravel/framework/src/Illuminate/Foundation/Http/Kernel.php(116): Illuminate\\Foundation\\Http\\Kernel->sendRequestThroughRouter(Object(Illuminate\\Http\\Request))
#24 /home/sankofa/lampstack-7.3.11-0/apache2/htdocs/Sankofa/public/index.php(55): Illuminate\\Foundation\\Http\\Kernel->handle(Object(Illuminate\\Http\\Request))
#25 {main}
"} 
[2021-02-10 08:51:29] local.ERROR: SQLSTATE[HY000] [2002] No such file or directory (SQL: select * from `home_profile` where `active` = 1 limit 1) {"exception":"[object] (Illuminate\\Database\\QueryException(code: 2002): SQLSTATE[HY000] [2002] No such file or directory (SQL: select * from `home_profile` where `active` = 1 limit 1) at /home/sankofa/lampstack-7.3.11-0/apache2/htdocs/Sankofa/vendor/laravel/framework/src/Illuminate/Database/Connection.php:664, Doctrine\\DBAL\\Driver\\PDOException(code: 2002): SQLSTATE[HY000] [2002] No such file or directory at /home/sankofa/lampstack-7.3.11-0/apache2/htdocs/Sankofa/vendor/doctrine/dbal/lib/Doctrine/DBAL/Driver/PDOConnection.php:31, PDOException(code: 2002): SQLSTATE[HY000] [2002] No such file or directory at /home/sankofa/lampstack-7.3.11-0/apache2/htdocs/Sankofa/vendor/doctrine/dbal/lib/Doctrine/DBAL/Driver/PDOConnection.php:27)
[stacktrace]
#0 /home/sankofa/lampstack-7.3.11-0/apache2/htdocs/Sankofa/vendor/laravel/framework/src/Illuminate/Database/Connection.php(624): Illuminate\\Database\\Connection->runQueryCallback('select * from `...', Array, Object(Closure))
#1 /home/sankofa/lampstack-7.3.11-0/apache2/htdocs/Sankofa/vendor/laravel/framework/src/Illuminate/Database/Connection.php(333): Illuminate\\Database\\Connection->run('select * from `...', Array, Object(Closure))
#2 /home/sankofa/lampstack-7.3.11-0/apache2/htdocs/Sankofa/vendor/laravel/framework/src/Illuminate/Database/Query/Builder.php(2130): Illuminate\\Database\\Connection->select('select * from `...', Array, true)
#3 /home/sankofa/lampstack-7.3.11-0/apache2/htdocs/Sankofa/vendor/laravel/framework/src/Illuminate/Database/Query/Builder.php(2118): Illuminate\\Database\\Query\\Builder->runSelect()
#4 /home/sankofa/lampstack-7.3.11-0/apache2/htdocs/Sankofa/vendor/laravel/framework/src/Illuminate/Database/Query/Builder.php(2604): Illuminate\\Database\\Query\\Builder->Illuminate\\Database\\Query\\{closure}()
#5 /home/sankofa/lampstack-7.3.11-0/apache2/htdocs/Sankofa/vendor/laravel/framework/src/Illuminate/Database/Query/Builder.php(2119): Illuminate\\Database\\Query\\Builder->onceWithColumns(Array, Object(Closure))
#6 /home/sankofa/lampstack-7.3.11-0/apache2/htdocs/Sankofa/vendor/laravel/framework/src/Illuminate/Database/Eloquent/Builder.php(521): Illuminate\\Database\\Query\\Builder->get(Array)
#7 /home/sankofa/lampstack-7.3.11-0/apache2/htdocs/Sankofa/vendor/laravel/framework/src/Illuminate/Database/Eloquent/Builder.php(505): Illuminate\\Database\\Eloquent\\Builder->getModels(Array)
#8 /home/sankofa/lampstack-7.3.11-0/apache2/htdocs/Sankofa/vendor/laravel/framework/src/Illuminate/Database/Concerns/BuildsQueries.php(77): Illuminate\\Database\\Eloquent\\Builder->get(Array)
#9 /home/sankofa/lampstack-7.3.11-0/apache2/htdocs/Sankofa/app/Providers/AppServiceProvider.php(31): Illuminate\\Database\\Eloquent\\Builder->first()
#10 [internal function]: App\\Providers\\AppServiceProvider->boot()
#11 /home/sankofa/lampstack-7.3.11-0/apache2/htdocs/Sankofa/vendor/laravel/framework/src/Illuminate/Container/BoundMethod.php(32): call_user_func_array(Array, Array)
#12 /home/sankofa/lampstack-7.3.11-0/apache2/htdocs/Sankofa/vendor/laravel/framework/src/Illuminate/Container/BoundMethod.php(90): Illuminate\\Container\\BoundMethod::Illuminate\\Container\\{closure}()
#13 /home/sankofa/lampstack-7.3.11-0/apache2/htdocs/Sankofa/vendor/laravel/framework/src/Illuminate/Container/BoundMethod.php(34): Illuminate\\Container\\BoundMethod::callBoundMethod(Object(Illuminate\\Foundation\\Application), Array, Object(Closure))
#14 /home/sankofa/lampstack-7.3.11-0/apache2/htdocs/Sankofa/vendor/laravel/framework/src/Illuminate/Container/Container.php(576): Illuminate\\Container\\BoundMethod::call(Object(Illuminate\\Foundation\\Application), Array, Array, NULL)
#15 /home/sankofa/lampstack-7.3.11-0/apache2/htdocs/Sankofa/vendor/laravel/framework/src/Illuminate/Foundation/Application.php(827): Illuminate\\Container\\Container->call(Array)
#16 /home/sankofa/lampstack-7.3.11-0/apache2/htdocs/Sankofa/vendor/laravel/framework/src/Illuminate/Foundation/Application.php(810): Illuminate\\Foundation\\Application->bootProvider(Object(App\\Providers\\AppServiceProvider))
#17 [internal function]: Illuminate\\Foundation\\Application->Illuminate\\Foundation\\{closure}(Object(App\\Providers\\AppServiceProvider), 22)
#18 /home/sankofa/lampstack-7.3.11-0/apache2/htdocs/Sankofa/vendor/laravel/framework/src/Illuminate/Foundation/Application.php(811): array_walk(Array, Object(Closure))
#19 /home/sankofa/lampstack-7.3.11-0/apache2/htdocs/Sankofa/vendor/laravel/framework/src/Illuminate/Foundation/Bootstrap/BootProviders.php(17): Illuminate\\Foundation\\Application->boot()
#20 /home/sankofa/lampstack-7.3.11-0/apache2/htdocs/Sankofa/vendor/laravel/framework/src/Illuminate/Foundation/Application.php(210): Illuminate\\Foundation\\Bootstrap\\BootProviders->bootstrap(Object(Illuminate\\Foundation\\Application))
#21 /home/sankofa/lampstack-7.3.11-0/apache2/htdocs/Sankofa/vendor/laravel/framework/src/Illuminate/Foundation/Http/Kernel.php(162): Illuminate\\Foundation\\Application->bootstrapWith(Array)
#22 /home/sankofa/lampstack-7.3.11-0/apache2/htdocs/Sankofa/vendor/laravel/framework/src/Illuminate/Foundation/Http/Kernel.php(146): Illuminate\\Foundation\\Http\\Kernel->bootstrap()
#23 /home/sankofa/lampstack-7.3.11-0/apache2/htdocs/Sankofa/vendor/laravel/framework/src/Illuminate/Foundation/Http/Kernel.php(116): Illuminate\\Foundation\\Http\\Kernel->sendRequestThroughRouter(Object(Illuminate\\Http\\Request))
#24 /home/sankofa/lampstack-7.3.11-0/apache2/htdocs/Sankofa/public/index.php(55): Illuminate\\Foundation\\Http\\Kernel->handle(Object(Illuminate\\Http\\Request))
#25 {main}
"} 
[2021-02-10 08:51:33] local.ERROR: SQLSTATE[HY000] [2002] No such file or directory (SQL: select * from `home_profile` where `active` = 1 limit 1) {"exception":"[object] (Illuminate\\Database\\QueryException(code: 2002): SQLSTATE[HY000] [2002] No such file or directory (SQL: select * from `home_profile` where `active` = 1 limit 1) at /home/sankofa/lampstack-7.3.11-0/apache2/htdocs/Sankofa/vendor/laravel/framework/src/Illuminate/Database/Connection.php:664, Doctrine\\DBAL\\Driver\\PDOException(code: 2002): SQLSTATE[HY000] [2002] No such file or directory at /home/sankofa/lampstack-7.3.11-0/apache2/htdocs/Sankofa/vendor/doctrine/dbal/lib/Doctrine/DBAL/Driver/PDOConnection.php:31, PDOException(code: 2002): SQLSTATE[HY000] [2002] No such file or directory at /home/sankofa/lampstack-7.3.11-0/apache2/htdocs/Sankofa/vendor/doctrine/dbal/lib/Doctrine/DBAL/Driver/PDOConnection.php:27)
[stacktrace]
#0 /home/sankofa/lampstack-7.3.11-0/apache2/htdocs/Sankofa/vendor/laravel/framework/src/Illuminate/Database/Connection.php(624): Illuminate\\Database\\Connection->runQueryCallback('select * from `...', Array, Object(Closure))
#1 /home/sankofa/lampstack-7.3.11-0/apache2/htdocs/Sankofa/vendor/laravel/framework/src/Illuminate/Database/Connection.php(333): Illuminate\\Database\\Connection->run('select * from `...', Array, Object(Closure))
#2 /home/sankofa/lampstack-7.3.11-0/apache2/htdocs/Sankofa/vendor/laravel/framework/src/Illuminate/Database/Query/Builder.php(2130): Illuminate\\Database\\Connection->select('select * from `...', Array, true)
#3 /home/sankofa/lampstack-7.3.11-0/apache2/htdocs/Sankofa/vendor/laravel/framework/src/Illuminate/Database/Query/Builder.php(2118): Illuminate\\Database\\Query\\Builder->runSelect()
#4 /home/sankofa/lampstack-7.3.11-0/apache2/htdocs/Sankofa/vendor/laravel/framework/src/Illuminate/Database/Query/Builder.php(2604): Illuminate\\Database\\Query\\Builder->Illuminate\\Database\\Query\\{closure}()
#5 /home/sankofa/lampstack-7.3.11-0/apache2/htdocs/Sankofa/vendor/laravel/framework/src/Illuminate/Database/Query/Builder.php(2119): Illuminate\\Database\\Query\\Builder->onceWithColumns(Array, Object(Closure))
#6 /home/sankofa/lampstack-7.3.11-0/apache2/htdocs/Sankofa/vendor/laravel/framework/src/Illuminate/Database/Eloquent/Builder.php(521): Illuminate\\Database\\Query\\Builder->get(Array)
#7 /home/sankofa/lampstack-7.3.11-0/apache2/htdocs/Sankofa/vendor/laravel/framework/src/Illuminate/Database/Eloquent/Builder.php(505): Illuminate\\Database\\Eloquent\\Builder->getModels(Array)
#8 /home/sankofa/lampstack-7.3.11-0/apache2/htdocs/Sankofa/vendor/laravel/framework/src/Illuminate/Database/Concerns/BuildsQueries.php(77): Illuminate\\Database\\Eloquent\\Builder->get(Array)
#9 /home/sankofa/lampstack-7.3.11-0/apache2/htdocs/Sankofa/app/Providers/AppServiceProvider.php(31): Illuminate\\Database\\Eloquent\\Builder->first()
#10 [internal function]: App\\Providers\\AppServiceProvider->boot()
#11 /home/sankofa/lampstack-7.3.11-0/apache2/htdocs/Sankofa/vendor/laravel/framework/src/Illuminate/Container/BoundMethod.php(32): call_user_func_array(Array, Array)
#12 /home/sankofa/lampstack-7.3.11-0/apache2/htdocs/Sankofa/vendor/laravel/framework/src/Illuminate/Container/BoundMethod.php(90): Illuminate\\Container\\BoundMethod::Illuminate\\Container\\{closure}()
#13 /home/sankofa/lampstack-7.3.11-0/apache2/htdocs/Sankofa/vendor/laravel/framework/src/Illuminate/Container/BoundMethod.php(34): Illuminate\\Container\\BoundMethod::callBoundMethod(Object(Illuminate\\Foundation\\Application), Array, Object(Closure))
#14 /home/sankofa/lampstack-7.3.11-0/apache2/htdocs/Sankofa/vendor/laravel/framework/src/Illuminate/Container/Container.php(576): Illuminate\\Container\\BoundMethod::call(Object(Illuminate\\Foundation\\Application), Array, Array, NULL)
#15 /home/sankofa/lampstack-7.3.11-0/apache2/htdocs/Sankofa/vendor/laravel/framework/src/Illuminate/Foundation/Application.php(827): Illuminate\\Container\\Container->call(Array)
#16 /home/sankofa/lampstack-7.3.11-0/apache2/htdocs/Sankofa/vendor/laravel/framework/src/Illuminate/Foundation/Application.php(810): Illuminate\\Foundation\\Application->bootProvider(Object(App\\Providers\\AppServiceProvider))
#17 [internal function]: Illuminate\\Foundation\\Application->Illuminate\\Foundation\\{closure}(Object(App\\Providers\\AppServiceProvider), 22)
#18 /home/sankofa/lampstack-7.3.11-0/apache2/htdocs/Sankofa/vendor/laravel/framework/src/Illuminate/Foundation/Application.php(811): array_walk(Array, Object(Closure))
#19 /home/sankofa/lampstack-7.3.11-0/apache2/htdocs/Sankofa/vendor/laravel/framework/src/Illuminate/Foundation/Bootstrap/BootProviders.php(17): Illuminate\\Foundation\\Application->boot()
#20 /home/sankofa/lampstack-7.3.11-0/apache2/htdocs/Sankofa/vendor/laravel/framework/src/Illuminate/Foundation/Application.php(210): Illuminate\\Foundation\\Bootstrap\\BootProviders->bootstrap(Object(Illuminate\\Foundation\\Application))
#21 /home/sankofa/lampstack-7.3.11-0/apache2/htdocs/Sankofa/vendor/laravel/framework/src/Illuminate/Foundation/Http/Kernel.php(162): Illuminate\\Foundation\\Application->bootstrapWith(Array)
#22 /home/sankofa/lampstack-7.3.11-0/apache2/htdocs/Sankofa/vendor/laravel/framework/src/Illuminate/Foundation/Http/Kernel.php(146): Illuminate\\Foundation\\Http\\Kernel->bootstrap()
#23 /home/sankofa/lampstack-7.3.11-0/apache2/htdocs/Sankofa/vendor/laravel/framework/src/Illuminate/Foundation/Http/Kernel.php(116): Illuminate\\Foundation\\Http\\Kernel->sendRequestThroughRouter(Object(Illuminate\\Http\\Request))
#24 /home/sankofa/lampstack-7.3.11-0/apache2/htdocs/Sankofa/public/index.php(55): Illuminate\\Foundation\\Http\\Kernel->handle(Object(Illuminate\\Http\\Request))
#25 {main}
"} 
[2021-02-10 08:51:37] local.ERROR: SQLSTATE[HY000] [2002] No such file or directory (SQL: select * from `home_profile` where `active` = 1 limit 1) {"exception":"[object] (Illuminate\\Database\\QueryException(code: 2002): SQLSTATE[HY000] [2002] No such file or directory (SQL: select * from `home_profile` where `active` = 1 limit 1) at /home/sankofa/lampstack-7.3.11-0/apache2/htdocs/Sankofa/vendor/laravel/framework/src/Illuminate/Database/Connection.php:664, Doctrine\\DBAL\\Driver\\PDOException(code: 2002): SQLSTATE[HY000] [2002] No such file or directory at /home/sankofa/lampstack-7.3.11-0/apache2/htdocs/Sankofa/vendor/doctrine/dbal/lib/Doctrine/DBAL/Driver/PDOConnection.php:31, PDOException(code: 2002): SQLSTATE[HY000] [2002] No such file or directory at /home/sankofa/lampstack-7.3.11-0/apache2/htdocs/Sankofa/vendor/doctrine/dbal/lib/Doctrine/DBAL/Driver/PDOConnection.php:27)
[stacktrace]
#0 /home/sankofa/lampstack-7.3.11-0/apache2/htdocs/Sankofa/vendor/laravel/framework/src/Illuminate/Database/Connection.php(624): Illuminate\\Database\\Connection->runQueryCallback('select * from `...', Array, Object(Closure))
#1 /home/sankofa/lampstack-7.3.11-0/apache2/htdocs/Sankofa/vendor/laravel/framework/src/Illuminate/Database/Connection.php(333): Illuminate\\Database\\Connection->run('select * from `...', Array, Object(Closure))
#2 /home/sankofa/lampstack-7.3.11-0/apache2/htdocs/Sankofa/vendor/laravel/framework/src/Illuminate/Database/Query/Builder.php(2130): Illuminate\\Database\\Connection->select('select * from `...', Array, true)
#3 /home/sankofa/lampstack-7.3.11-0/apache2/htdocs/Sankofa/vendor/laravel/framework/src/Illuminate/Database/Query/Builder.php(2118): Illuminate\\Database\\Query\\Builder->runSelect()
#4 /home/sankofa/lampstack-7.3.11-0/apache2/htdocs/Sankofa/vendor/laravel/framework/src/Illuminate/Database/Query/Builder.php(2604): Illuminate\\Database\\Query\\Builder->Illuminate\\Database\\Query\\{closure}()
#5 /home/sankofa/lampstack-7.3.11-0/apache2/htdocs/Sankofa/vendor/laravel/framework/src/Illuminate/Database/Query/Builder.php(2119): Illuminate\\Database\\Query\\Builder->onceWithColumns(Array, Object(Closure))
#6 /home/sankofa/lampstack-7.3.11-0/apache2/htdocs/Sankofa/vendor/laravel/framework/src/Illuminate/Database/Eloquent/Builder.php(521): Illuminate\\Database\\Query\\Builder->get(Array)
#7 /home/sankofa/lampstack-7.3.11-0/apache2/htdocs/Sankofa/vendor/laravel/framework/src/Illuminate/Database/Eloquent/Builder.php(505): Illuminate\\Database\\Eloquent\\Builder->getModels(Array)
#8 /home/sankofa/lampstack-7.3.11-0/apache2/htdocs/Sankofa/vendor/laravel/framework/src/Illuminate/Database/Concerns/BuildsQueries.php(77): Illuminate\\Database\\Eloquent\\Builder->get(Array)
#9 /home/sankofa/lampstack-7.3.11-0/apache2/htdocs/Sankofa/app/Providers/AppServiceProvider.php(31): Illuminate\\Database\\Eloquent\\Builder->first()
#10 [internal function]: App\\Providers\\AppServiceProvider->boot()
#11 /home/sankofa/lampstack-7.3.11-0/apache2/htdocs/Sankofa/vendor/laravel/framework/src/Illuminate/Container/BoundMethod.php(32): call_user_func_array(Array, Array)
#12 /home/sankofa/lampstack-7.3.11-0/apache2/htdocs/Sankofa/vendor/laravel/framework/src/Illuminate/Container/BoundMethod.php(90): Illuminate\\Container\\BoundMethod::Illuminate\\Container\\{closure}()
#13 /home/sankofa/lampstack-7.3.11-0/apache2/htdocs/Sankofa/vendor/laravel/framework/src/Illuminate/Container/BoundMethod.php(34): Illuminate\\Container\\BoundMethod::callBoundMethod(Object(Illuminate\\Foundation\\Application), Array, Object(Closure))
#14 /home/sankofa/lampstack-7.3.11-0/apache2/htdocs/Sankofa/vendor/laravel/framework/src/Illuminate/Container/Container.php(576): Illuminate\\Container\\BoundMethod::call(Object(Illuminate\\Foundation\\Application), Array, Array, NULL)
#15 /home/sankofa/lampstack-7.3.11-0/apache2/htdocs/Sankofa/vendor/laravel/framework/src/Illuminate/Foundation/Application.php(827): Illuminate\\Container\\Container->call(Array)
#16 /home/sankofa/lampstack-7.3.11-0/apache2/htdocs/Sankofa/vendor/laravel/framework/src/Illuminate/Foundation/Application.php(810): Illuminate\\Foundation\\Application->bootProvider(Object(App\\Providers\\AppServiceProvider))
#17 [internal function]: Illuminate\\Foundation\\Application->Illuminate\\Foundation\\{closure}(Object(App\\Providers\\AppServiceProvider), 22)
#18 /home/sankofa/lampstack-7.3.11-0/apache2/htdocs/Sankofa/vendor/laravel/framework/src/Illuminate/Foundation/Application.php(811): array_walk(Array, Object(Closure))
#19 /home/sankofa/lampstack-7.3.11-0/apache2/htdocs/Sankofa/vendor/laravel/framework/src/Illuminate/Foundation/Bootstrap/BootProviders.php(17): Illuminate\\Foundation\\Application->boot()
#20 /home/sankofa/lampstack-7.3.11-0/apache2/htdocs/Sankofa/vendor/laravel/framework/src/Illuminate/Foundation/Application.php(210): Illuminate\\Foundation\\Bootstrap\\BootProviders->bootstrap(Object(Illuminate\\Foundation\\Application))
#21 /home/sankofa/lampstack-7.3.11-0/apache2/htdocs/Sankofa/vendor/laravel/framework/src/Illuminate/Foundation/Http/Kernel.php(162): Illuminate\\Foundation\\Application->bootstrapWith(Array)
#22 /home/sankofa/lampstack-7.3.11-0/apache2/htdocs/Sankofa/vendor/laravel/framework/src/Illuminate/Foundation/Http/Kernel.php(146): Illuminate\\Foundation\\Http\\Kernel->bootstrap()
#23 /home/sankofa/lampstack-7.3.11-0/apache2/htdocs/Sankofa/vendor/laravel/framework/src/Illuminate/Foundation/Http/Kernel.php(116): Illuminate\\Foundation\\Http\\Kernel->sendRequestThroughRouter(Object(Illuminate\\Http\\Request))
#24 /home/sankofa/lampstack-7.3.11-0/apache2/htdocs/Sankofa/public/index.php(55): Illuminate\\Foundation\\Http\\Kernel->handle(Object(Illuminate\\Http\\Request))
#25 {main}
"} 
[2021-02-10 08:52:02] local.ERROR: SQLSTATE[HY000] [2002] No such file or directory (SQL: select * from `home_profile` where `active` = 1 limit 1) {"exception":"[object] (Illuminate\\Database\\QueryException(code: 2002): SQLSTATE[HY000] [2002] No such file or directory (SQL: select * from `home_profile` where `active` = 1 limit 1) at /home/sankofa/lampstack-7.3.11-0/apache2/htdocs/Sankofa/vendor/laravel/framework/src/Illuminate/Database/Connection.php:664, Doctrine\\DBAL\\Driver\\PDOException(code: 2002): SQLSTATE[HY000] [2002] No such file or directory at /home/sankofa/lampstack-7.3.11-0/apache2/htdocs/Sankofa/vendor/doctrine/dbal/lib/Doctrine/DBAL/Driver/PDOConnection.php:31, PDOException(code: 2002): SQLSTATE[HY000] [2002] No such file or directory at /home/sankofa/lampstack-7.3.11-0/apache2/htdocs/Sankofa/vendor/doctrine/dbal/lib/Doctrine/DBAL/Driver/PDOConnection.php:27)
[stacktrace]
#0 /home/sankofa/lampstack-7.3.11-0/apache2/htdocs/Sankofa/vendor/laravel/framework/src/Illuminate/Database/Connection.php(624): Illuminate\\Database\\Connection->runQueryCallback('select * from `...', Array, Object(Closure))
#1 /home/sankofa/lampstack-7.3.11-0/apache2/htdocs/Sankofa/vendor/laravel/framework/src/Illuminate/Database/Connection.php(333): Illuminate\\Database\\Connection->run('select * from `...', Array, Object(Closure))
#2 /home/sankofa/lampstack-7.3.11-0/apache2/htdocs/Sankofa/vendor/laravel/framework/src/Illuminate/Database/Query/Builder.php(2130): Illuminate\\Database\\Connection->select('select * from `...', Array, true)
#3 /home/sankofa/lampstack-7.3.11-0/apache2/htdocs/Sankofa/vendor/laravel/framework/src/Illuminate/Database/Query/Builder.php(2118): Illuminate\\Database\\Query\\Builder->runSelect()
#4 /home/sankofa/lampstack-7.3.11-0/apache2/htdocs/Sankofa/vendor/laravel/framework/src/Illuminate/Database/Query/Builder.php(2604): Illuminate\\Database\\Query\\Builder->Illuminate\\Database\\Query\\{closure}()
#5 /home/sankofa/lampstack-7.3.11-0/apache2/htdocs/Sankofa/vendor/laravel/framework/src/Illuminate/Database/Query/Builder.php(2119): Illuminate\\Database\\Query\\Builder->onceWithColumns(Array, Object(Closure))
#6 /home/sankofa/lampstack-7.3.11-0/apache2/htdocs/Sankofa/vendor/laravel/framework/src/Illuminate/Database/Eloquent/Builder.php(521): Illuminate\\Database\\Query\\Builder->get(Array)
#7 /home/sankofa/lampstack-7.3.11-0/apache2/htdocs/Sankofa/vendor/laravel/framework/src/Illuminate/Database/Eloquent/Builder.php(505): Illuminate\\Database\\Eloquent\\Builder->getModels(Array)
#8 /home/sankofa/lampstack-7.3.11-0/apache2/htdocs/Sankofa/vendor/laravel/framework/src/Illuminate/Database/Concerns/BuildsQueries.php(77): Illuminate\\Database\\Eloquent\\Builder->get(Array)
#9 /home/sankofa/lampstack-7.3.11-0/apache2/htdocs/Sankofa/app/Providers/AppServiceProvider.php(31): Illuminate\\Database\\Eloquent\\Builder->first()
#10 [internal function]: App\\Providers\\AppServiceProvider->boot()
#11 /home/sankofa/lampstack-7.3.11-0/apache2/htdocs/Sankofa/vendor/laravel/framework/src/Illuminate/Container/BoundMethod.php(32): call_user_func_array(Array, Array)
#12 /home/sankofa/lampstack-7.3.11-0/apache2/htdocs/Sankofa/vendor/laravel/framework/src/Illuminate/Container/BoundMethod.php(90): Illuminate\\Container\\BoundMethod::Illuminate\\Container\\{closure}()
#13 /home/sankofa/lampstack-7.3.11-0/apache2/htdocs/Sankofa/vendor/laravel/framework/src/Illuminate/Container/BoundMethod.php(34): Illuminate\\Container\\BoundMethod::callBoundMethod(Object(Illuminate\\Foundation\\Application), Array, Object(Closure))
#14 /home/sankofa/lampstack-7.3.11-0/apache2/htdocs/Sankofa/vendor/laravel/framework/src/Illuminate/Container/Container.php(576): Illuminate\\Container\\BoundMethod::call(Object(Illuminate\\Foundation\\Application), Array, Array, NULL)
#15 /home/sankofa/lampstack-7.3.11-0/apache2/htdocs/Sankofa/vendor/laravel/framework/src/Illuminate/Foundation/Application.php(827): Illuminate\\Container\\Container->call(Array)
#16 /home/sankofa/lampstack-7.3.11-0/apache2/htdocs/Sankofa/vendor/laravel/framework/src/Illuminate/Foundation/Application.php(810): Illuminate\\Foundation\\Application->bootProvider(Object(App\\Providers\\AppServiceProvider))
#17 [internal function]: Illuminate\\Foundation\\Application->Illuminate\\Foundation\\{closure}(Object(App\\Providers\\AppServiceProvider), 22)
#18 /home/sankofa/lampstack-7.3.11-0/apache2/htdocs/Sankofa/vendor/laravel/framework/src/Illuminate/Foundation/Application.php(811): array_walk(Array, Object(Closure))
#19 /home/sankofa/lampstack-7.3.11-0/apache2/htdocs/Sankofa/vendor/laravel/framework/src/Illuminate/Foundation/Bootstrap/BootProviders.php(17): Illuminate\\Foundation\\Application->boot()
#20 /home/sankofa/lampstack-7.3.11-0/apache2/htdocs/Sankofa/vendor/laravel/framework/src/Illuminate/Foundation/Application.php(210): Illuminate\\Foundation\\Bootstrap\\BootProviders->bootstrap(Object(Illuminate\\Foundation\\Application))
#21 /home/sankofa/lampstack-7.3.11-0/apache2/htdocs/Sankofa/vendor/laravel/framework/src/Illuminate/Foundation/Http/Kernel.php(162): Illuminate\\Foundation\\Application->bootstrapWith(Array)
#22 /home/sankofa/lampstack-7.3.11-0/apache2/htdocs/Sankofa/vendor/laravel/framework/src/Illuminate/Foundation/Http/Kernel.php(146): Illuminate\\Foundation\\Http\\Kernel->bootstrap()
#23 /home/sankofa/lampstack-7.3.11-0/apache2/htdocs/Sankofa/vendor/laravel/framework/src/Illuminate/Foundation/Http/Kernel.php(116): Illuminate\\Foundation\\Http\\Kernel->sendRequestThroughRouter(Object(Illuminate\\Http\\Request))
#24 /home/sankofa/lampstack-7.3.11-0/apache2/htdocs/Sankofa/public/index.php(55): Illuminate\\Foundation\\Http\\Kernel->handle(Object(Illuminate\\Http\\Request))
#25 {main}
"} 
[2021-02-10 08:52:04] local.ERROR: SQLSTATE[HY000] [2002] No such file or directory (SQL: select * from `home_profile` where `active` = 1 limit 1) {"exception":"[object] (Illuminate\\Database\\QueryException(code: 2002): SQLSTATE[HY000] [2002] No such file or directory (SQL: select * from `home_profile` where `active` = 1 limit 1) at /home/sankofa/lampstack-7.3.11-0/apache2/htdocs/Sankofa/vendor/laravel/framework/src/Illuminate/Database/Connection.php:664, Doctrine\\DBAL\\Driver\\PDOException(code: 2002): SQLSTATE[HY000] [2002] No such file or directory at /home/sankofa/lampstack-7.3.11-0/apache2/htdocs/Sankofa/vendor/doctrine/dbal/lib/Doctrine/DBAL/Driver/PDOConnection.php:31, PDOException(code: 2002): SQLSTATE[HY000] [2002] No such file or directory at /home/sankofa/lampstack-7.3.11-0/apache2/htdocs/Sankofa/vendor/doctrine/dbal/lib/Doctrine/DBAL/Driver/PDOConnection.php:27)
[stacktrace]
#0 /home/sankofa/lampstack-7.3.11-0/apache2/htdocs/Sankofa/vendor/laravel/framework/src/Illuminate/Database/Connection.php(624): Illuminate\\Database\\Connection->runQueryCallback('select * from `...', Array, Object(Closure))
#1 /home/sankofa/lampstack-7.3.11-0/apache2/htdocs/Sankofa/vendor/laravel/framework/src/Illuminate/Database/Connection.php(333): Illuminate\\Database\\Connection->run('select * from `...', Array, Object(Closure))
#2 /home/sankofa/lampstack-7.3.11-0/apache2/htdocs/Sankofa/vendor/laravel/framework/src/Illuminate/Database/Query/Builder.php(2130): Illuminate\\Database\\Connection->select('select * from `...', Array, true)
#3 /home/sankofa/lampstack-7.3.11-0/apache2/htdocs/Sankofa/vendor/laravel/framework/src/Illuminate/Database/Query/Builder.php(2118): Illuminate\\Database\\Query\\Builder->runSelect()
#4 /home/sankofa/lampstack-7.3.11-0/apache2/htdocs/Sankofa/vendor/laravel/framework/src/Illuminate/Database/Query/Builder.php(2604): Illuminate\\Database\\Query\\Builder->Illuminate\\Database\\Query\\{closure}()
#5 /home/sankofa/lampstack-7.3.11-0/apache2/htdocs/Sankofa/vendor/laravel/framework/src/Illuminate/Database/Query/Builder.php(2119): Illuminate\\Database\\Query\\Builder->onceWithColumns(Array, Object(Closure))
#6 /home/sankofa/lampstack-7.3.11-0/apache2/htdocs/Sankofa/vendor/laravel/framework/src/Illuminate/Database/Eloquent/Builder.php(521): Illuminate\\Database\\Query\\Builder->get(Array)
#7 /home/sankofa/lampstack-7.3.11-0/apache2/htdocs/Sankofa/vendor/laravel/framework/src/Illuminate/Database/Eloquent/Builder.php(505): Illuminate\\Database\\Eloquent\\Builder->getModels(Array)
#8 /home/sankofa/lampstack-7.3.11-0/apache2/htdocs/Sankofa/vendor/laravel/framework/src/Illuminate/Database/Concerns/BuildsQueries.php(77): Illuminate\\Database\\Eloquent\\Builder->get(Array)
#9 /home/sankofa/lampstack-7.3.11-0/apache2/htdocs/Sankofa/app/Providers/AppServiceProvider.php(31): Illuminate\\Database\\Eloquent\\Builder->first()
#10 [internal function]: App\\Providers\\AppServiceProvider->boot()
#11 /home/sankofa/lampstack-7.3.11-0/apache2/htdocs/Sankofa/vendor/laravel/framework/src/Illuminate/Container/BoundMethod.php(32): call_user_func_array(Array, Array)
#12 /home/sankofa/lampstack-7.3.11-0/apache2/htdocs/Sankofa/vendor/laravel/framework/src/Illuminate/Container/BoundMethod.php(90): Illuminate\\Container\\BoundMethod::Illuminate\\Container\\{closure}()
#13 /home/sankofa/lampstack-7.3.11-0/apache2/htdocs/Sankofa/vendor/laravel/framework/src/Illuminate/Container/BoundMethod.php(34): Illuminate\\Container\\BoundMethod::callBoundMethod(Object(Illuminate\\Foundation\\Application), Array, Object(Closure))
#14 /home/sankofa/lampstack-7.3.11-0/apache2/htdocs/Sankofa/vendor/laravel/framework/src/Illuminate/Container/Container.php(576): Illuminate\\Container\\BoundMethod::call(Object(Illuminate\\Foundation\\Application), Array, Array, NULL)
#15 /home/sankofa/lampstack-7.3.11-0/apache2/htdocs/Sankofa/vendor/laravel/framework/src/Illuminate/Foundation/Application.php(827): Illuminate\\Container\\Container->call(Array)
#16 /home/sankofa/lampstack-7.3.11-0/apache2/htdocs/Sankofa/vendor/laravel/framework/src/Illuminate/Foundation/Application.php(810): Illuminate\\Foundation\\Application->bootProvider(Object(App\\Providers\\AppServiceProvider))
#17 [internal function]: Illuminate\\Foundation\\Application->Illuminate\\Foundation\\{closure}(Object(App\\Providers\\AppServiceProvider), 22)
#18 /home/sankofa/lampstack-7.3.11-0/apache2/htdocs/Sankofa/vendor/laravel/framework/src/Illuminate/Foundation/Application.php(811): array_walk(Array, Object(Closure))
#19 /home/sankofa/lampstack-7.3.11-0/apache2/htdocs/Sankofa/vendor/laravel/framework/src/Illuminate/Foundation/Bootstrap/BootProviders.php(17): Illuminate\\Foundation\\Application->boot()
#20 /home/sankofa/lampstack-7.3.11-0/apache2/htdocs/Sankofa/vendor/laravel/framework/src/Illuminate/Foundation/Application.php(210): Illuminate\\Foundation\\Bootstrap\\BootProviders->bootstrap(Object(Illuminate\\Foundation\\Application))
#21 /home/sankofa/lampstack-7.3.11-0/apache2/htdocs/Sankofa/vendor/laravel/framework/src/Illuminate/Foundation/Http/Kernel.php(162): Illuminate\\Foundation\\Application->bootstrapWith(Array)
#22 /home/sankofa/lampstack-7.3.11-0/apache2/htdocs/Sankofa/vendor/laravel/framework/src/Illuminate/Foundation/Http/Kernel.php(146): Illuminate\\Foundation\\Http\\Kernel->bootstrap()
#23 /home/sankofa/lampstack-7.3.11-0/apache2/htdocs/Sankofa/vendor/laravel/framework/src/Illuminate/Foundation/Http/Kernel.php(116): Illuminate\\Foundation\\Http\\Kernel->sendRequestThroughRouter(Object(Illuminate\\Http\\Request))
#24 /home/sankofa/lampstack-7.3.11-0/apache2/htdocs/Sankofa/public/index.php(55): Illuminate\\Foundation\\Http\\Kernel->handle(Object(Illuminate\\Http\\Request))
#25 {main}
"} 
[2021-02-10 08:52:05] local.ERROR: SQLSTATE[HY000] [2002] No such file or directory (SQL: select * from `home_profile` where `active` = 1 limit 1) {"exception":"[object] (Illuminate\\Database\\QueryException(code: 2002): SQLSTATE[HY000] [2002] No such file or directory (SQL: select * from `home_profile` where `active` = 1 limit 1) at /home/sankofa/lampstack-7.3.11-0/apache2/htdocs/Sankofa/vendor/laravel/framework/src/Illuminate/Database/Connection.php:664, Doctrine\\DBAL\\Driver\\PDOException(code: 2002): SQLSTATE[HY000] [2002] No such file or directory at /home/sankofa/lampstack-7.3.11-0/apache2/htdocs/Sankofa/vendor/doctrine/dbal/lib/Doctrine/DBAL/Driver/PDOConnection.php:31, PDOException(code: 2002): SQLSTATE[HY000] [2002] No such file or directory at /home/sankofa/lampstack-7.3.11-0/apache2/htdocs/Sankofa/vendor/doctrine/dbal/lib/Doctrine/DBAL/Driver/PDOConnection.php:27)
[stacktrace]
#0 /home/sankofa/lampstack-7.3.11-0/apache2/htdocs/Sankofa/vendor/laravel/framework/src/Illuminate/Database/Connection.php(624): Illuminate\\Database\\Connection->runQueryCallback('select * from `...', Array, Object(Closure))
#1 /home/sankofa/lampstack-7.3.11-0/apache2/htdocs/Sankofa/vendor/laravel/framework/src/Illuminate/Database/Connection.php(333): Illuminate\\Database\\Connection->run('select * from `...', Array, Object(Closure))
#2 /home/sankofa/lampstack-7.3.11-0/apache2/htdocs/Sankofa/vendor/laravel/framework/src/Illuminate/Database/Query/Builder.php(2130): Illuminate\\Database\\Connection->select('select * from `...', Array, true)
#3 /home/sankofa/lampstack-7.3.11-0/apache2/htdocs/Sankofa/vendor/laravel/framework/src/Illuminate/Database/Query/Builder.php(2118): Illuminate\\Database\\Query\\Builder->runSelect()
#4 /home/sankofa/lampstack-7.3.11-0/apache2/htdocs/Sankofa/vendor/laravel/framework/src/Illuminate/Database/Query/Builder.php(2604): Illuminate\\Database\\Query\\Builder->Illuminate\\Database\\Query\\{closure}()
#5 /home/sankofa/lampstack-7.3.11-0/apache2/htdocs/Sankofa/vendor/laravel/framework/src/Illuminate/Database/Query/Builder.php(2119): Illuminate\\Database\\Query\\Builder->onceWithColumns(Array, Object(Closure))
#6 /home/sankofa/lampstack-7.3.11-0/apache2/htdocs/Sankofa/vendor/laravel/framework/src/Illuminate/Database/Eloquent/Builder.php(521): Illuminate\\Database\\Query\\Builder->get(Array)
#7 /home/sankofa/lampstack-7.3.11-0/apache2/htdocs/Sankofa/vendor/laravel/framework/src/Illuminate/Database/Eloquent/Builder.php(505): Illuminate\\Database\\Eloquent\\Builder->getModels(Array)
#8 /home/sankofa/lampstack-7.3.11-0/apache2/htdocs/Sankofa/vendor/laravel/framework/src/Illuminate/Database/Concerns/BuildsQueries.php(77): Illuminate\\Database\\Eloquent\\Builder->get(Array)
#9 /home/sankofa/lampstack-7.3.11-0/apache2/htdocs/Sankofa/app/Providers/AppServiceProvider.php(31): Illuminate\\Database\\Eloquent\\Builder->first()
#10 [internal function]: App\\Providers\\AppServiceProvider->boot()
#11 /home/sankofa/lampstack-7.3.11-0/apache2/htdocs/Sankofa/vendor/laravel/framework/src/Illuminate/Container/BoundMethod.php(32): call_user_func_array(Array, Array)
#12 /home/sankofa/lampstack-7.3.11-0/apache2/htdocs/Sankofa/vendor/laravel/framework/src/Illuminate/Container/BoundMethod.php(90): Illuminate\\Container\\BoundMethod::Illuminate\\Container\\{closure}()
#13 /home/sankofa/lampstack-7.3.11-0/apache2/htdocs/Sankofa/vendor/laravel/framework/src/Illuminate/Container/BoundMethod.php(34): Illuminate\\Container\\BoundMethod::callBoundMethod(Object(Illuminate\\Foundation\\Application), Array, Object(Closure))
#14 /home/sankofa/lampstack-7.3.11-0/apache2/htdocs/Sankofa/vendor/laravel/framework/src/Illuminate/Container/Container.php(576): Illuminate\\Container\\BoundMethod::call(Object(Illuminate\\Foundation\\Application), Array, Array, NULL)
#15 /home/sankofa/lampstack-7.3.11-0/apache2/htdocs/Sankofa/vendor/laravel/framework/src/Illuminate/Foundation/Application.php(827): Illuminate\\Container\\Container->call(Array)
#16 /home/sankofa/lampstack-7.3.11-0/apache2/htdocs/Sankofa/vendor/laravel/framework/src/Illuminate/Foundation/Application.php(810): Illuminate\\Foundation\\Application->bootProvider(Object(App\\Providers\\AppServiceProvider))
#17 [internal function]: Illuminate\\Foundation\\Application->Illuminate\\Foundation\\{closure}(Object(App\\Providers\\AppServiceProvider), 22)
#18 /home/sankofa/lampstack-7.3.11-0/apache2/htdocs/Sankofa/vendor/laravel/framework/src/Illuminate/Foundation/Application.php(811): array_walk(Array, Object(Closure))
#19 /home/sankofa/lampstack-7.3.11-0/apache2/htdocs/Sankofa/vendor/laravel/framework/src/Illuminate/Foundation/Bootstrap/BootProviders.php(17): Illuminate\\Foundation\\Application->boot()
#20 /home/sankofa/lampstack-7.3.11-0/apache2/htdocs/Sankofa/vendor/laravel/framework/src/Illuminate/Foundation/Application.php(210): Illuminate\\Foundation\\Bootstrap\\BootProviders->bootstrap(Object(Illuminate\\Foundation\\Application))
#21 /home/sankofa/lampstack-7.3.11-0/apache2/htdocs/Sankofa/vendor/laravel/framework/src/Illuminate/Foundation/Http/Kernel.php(162): Illuminate\\Foundation\\Application->bootstrapWith(Array)
#22 /home/sankofa/lampstack-7.3.11-0/apache2/htdocs/Sankofa/vendor/laravel/framework/src/Illuminate/Foundation/Http/Kernel.php(146): Illuminate\\Foundation\\Http\\Kernel->bootstrap()
#23 /home/sankofa/lampstack-7.3.11-0/apache2/htdocs/Sankofa/vendor/laravel/framework/src/Illuminate/Foundation/Http/Kernel.php(116): Illuminate\\Foundation\\Http\\Kernel->sendRequestThroughRouter(Object(Illuminate\\Http\\Request))
#24 /home/sankofa/lampstack-7.3.11-0/apache2/htdocs/Sankofa/public/index.php(55): Illuminate\\Foundation\\Http\\Kernel->handle(Object(Illuminate\\Http\\Request))
#25 {main}
"} 
[2021-02-10 08:52:05] local.ERROR: SQLSTATE[HY000] [2002] No such file or directory (SQL: select * from `home_profile` where `active` = 1 limit 1) {"exception":"[object] (Illuminate\\Database\\QueryException(code: 2002): SQLSTATE[HY000] [2002] No such file or directory (SQL: select * from `home_profile` where `active` = 1 limit 1) at /home/sankofa/lampstack-7.3.11-0/apache2/htdocs/Sankofa/vendor/laravel/framework/src/Illuminate/Database/Connection.php:664, Doctrine\\DBAL\\Driver\\PDOException(code: 2002): SQLSTATE[HY000] [2002] No such file or directory at /home/sankofa/lampstack-7.3.11-0/apache2/htdocs/Sankofa/vendor/doctrine/dbal/lib/Doctrine/DBAL/Driver/PDOConnection.php:31, PDOException(code: 2002): SQLSTATE[HY000] [2002] No such file or directory at /home/sankofa/lampstack-7.3.11-0/apache2/htdocs/Sankofa/vendor/doctrine/dbal/lib/Doctrine/DBAL/Driver/PDOConnection.php:27)
[stacktrace]
#0 /home/sankofa/lampstack-7.3.11-0/apache2/htdocs/Sankofa/vendor/laravel/framework/src/Illuminate/Database/Connection.php(624): Illuminate\\Database\\Connection->runQueryCallback('select * from `...', Array, Object(Closure))
#1 /home/sankofa/lampstack-7.3.11-0/apache2/htdocs/Sankofa/vendor/laravel/framework/src/Illuminate/Database/Connection.php(333): Illuminate\\Database\\Connection->run('select * from `...', Array, Object(Closure))
#2 /home/sankofa/lampstack-7.3.11-0/apache2/htdocs/Sankofa/vendor/laravel/framework/src/Illuminate/Database/Query/Builder.php(2130): Illuminate\\Database\\Connection->select('select * from `...', Array, true)
#3 /home/sankofa/lampstack-7.3.11-0/apache2/htdocs/Sankofa/vendor/laravel/framework/src/Illuminate/Database/Query/Builder.php(2118): Illuminate\\Database\\Query\\Builder->runSelect()
#4 /home/sankofa/lampstack-7.3.11-0/apache2/htdocs/Sankofa/vendor/laravel/framework/src/Illuminate/Database/Query/Builder.php(2604): Illuminate\\Database\\Query\\Builder->Illuminate\\Database\\Query\\{closure}()
#5 /home/sankofa/lampstack-7.3.11-0/apache2/htdocs/Sankofa/vendor/laravel/framework/src/Illuminate/Database/Query/Builder.php(2119): Illuminate\\Database\\Query\\Builder->onceWithColumns(Array, Object(Closure))
#6 /home/sankofa/lampstack-7.3.11-0/apache2/htdocs/Sankofa/vendor/laravel/framework/src/Illuminate/Database/Eloquent/Builder.php(521): Illuminate\\Database\\Query\\Builder->get(Array)
#7 /home/sankofa/lampstack-7.3.11-0/apache2/htdocs/Sankofa/vendor/laravel/framework/src/Illuminate/Database/Eloquent/Builder.php(505): Illuminate\\Database\\Eloquent\\Builder->getModels(Array)
#8 /home/sankofa/lampstack-7.3.11-0/apache2/htdocs/Sankofa/vendor/laravel/framework/src/Illuminate/Database/Concerns/BuildsQueries.php(77): Illuminate\\Database\\Eloquent\\Builder->get(Array)
#9 /home/sankofa/lampstack-7.3.11-0/apache2/htdocs/Sankofa/app/Providers/AppServiceProvider.php(31): Illuminate\\Database\\Eloquent\\Builder->first()
#10 [internal function]: App\\Providers\\AppServiceProvider->boot()
#11 /home/sankofa/lampstack-7.3.11-0/apache2/htdocs/Sankofa/vendor/laravel/framework/src/Illuminate/Container/BoundMethod.php(32): call_user_func_array(Array, Array)
#12 /home/sankofa/lampstack-7.3.11-0/apache2/htdocs/Sankofa/vendor/laravel/framework/src/Illuminate/Container/BoundMethod.php(90): Illuminate\\Container\\BoundMethod::Illuminate\\Container\\{closure}()
#13 /home/sankofa/lampstack-7.3.11-0/apache2/htdocs/Sankofa/vendor/laravel/framework/src/Illuminate/Container/BoundMethod.php(34): Illuminate\\Container\\BoundMethod::callBoundMethod(Object(Illuminate\\Foundation\\Application), Array, Object(Closure))
#14 /home/sankofa/lampstack-7.3.11-0/apache2/htdocs/Sankofa/vendor/laravel/framework/src/Illuminate/Container/Container.php(576): Illuminate\\Container\\BoundMethod::call(Object(Illuminate\\Foundation\\Application), Array, Array, NULL)
#15 /home/sankofa/lampstack-7.3.11-0/apache2/htdocs/Sankofa/vendor/laravel/framework/src/Illuminate/Foundation/Application.php(827): Illuminate\\Container\\Container->call(Array)
#16 /home/sankofa/lampstack-7.3.11-0/apache2/htdocs/Sankofa/vendor/laravel/framework/src/Illuminate/Foundation/Application.php(810): Illuminate\\Foundation\\Application->bootProvider(Object(App\\Providers\\AppServiceProvider))
#17 [internal function]: Illuminate\\Foundation\\Application->Illuminate\\Foundation\\{closure}(Object(App\\Providers\\AppServiceProvider), 22)
#18 /home/sankofa/lampstack-7.3.11-0/apache2/htdocs/Sankofa/vendor/laravel/framework/src/Illuminate/Foundation/Application.php(811): array_walk(Array, Object(Closure))
#19 /home/sankofa/lampstack-7.3.11-0/apache2/htdocs/Sankofa/vendor/laravel/framework/src/Illuminate/Foundation/Bootstrap/BootProviders.php(17): Illuminate\\Foundation\\Application->boot()
#20 /home/sankofa/lampstack-7.3.11-0/apache2/htdocs/Sankofa/vendor/laravel/framework/src/Illuminate/Foundation/Application.php(210): Illuminate\\Foundation\\Bootstrap\\BootProviders->bootstrap(Object(Illuminate\\Foundation\\Application))
#21 /home/sankofa/lampstack-7.3.11-0/apache2/htdocs/Sankofa/vendor/laravel/framework/src/Illuminate/Foundation/Http/Kernel.php(162): Illuminate\\Foundation\\Application->bootstrapWith(Array)
#22 /home/sankofa/lampstack-7.3.11-0/apache2/htdocs/Sankofa/vendor/laravel/framework/src/Illuminate/Foundation/Http/Kernel.php(146): Illuminate\\Foundation\\Http\\Kernel->bootstrap()
#23 /home/sankofa/lampstack-7.3.11-0/apache2/htdocs/Sankofa/vendor/laravel/framework/src/Illuminate/Foundation/Http/Kernel.php(116): Illuminate\\Foundation\\Http\\Kernel->sendRequestThroughRouter(Object(Illuminate\\Http\\Request))
#24 /home/sankofa/lampstack-7.3.11-0/apache2/htdocs/Sankofa/public/index.php(55): Illuminate\\Foundation\\Http\\Kernel->handle(Object(Illuminate\\Http\\Request))
#25 {main}
"} 
[2021-02-10 08:52:06] local.ERROR: SQLSTATE[HY000] [2002] No such file or directory (SQL: select * from `home_profile` where `active` = 1 limit 1) {"exception":"[object] (Illuminate\\Database\\QueryException(code: 2002): SQLSTATE[HY000] [2002] No such file or directory (SQL: select * from `home_profile` where `active` = 1 limit 1) at /home/sankofa/lampstack-7.3.11-0/apache2/htdocs/Sankofa/vendor/laravel/framework/src/Illuminate/Database/Connection.php:664, Doctrine\\DBAL\\Driver\\PDOException(code: 2002): SQLSTATE[HY000] [2002] No such file or directory at /home/sankofa/lampstack-7.3.11-0/apache2/htdocs/Sankofa/vendor/doctrine/dbal/lib/Doctrine/DBAL/Driver/PDOConnection.php:31, PDOException(code: 2002): SQLSTATE[HY000] [2002] No such file or directory at /home/sankofa/lampstack-7.3.11-0/apache2/htdocs/Sankofa/vendor/doctrine/dbal/lib/Doctrine/DBAL/Driver/PDOConnection.php:27)
[stacktrace]
#0 /home/sankofa/lampstack-7.3.11-0/apache2/htdocs/Sankofa/vendor/laravel/framework/src/Illuminate/Database/Connection.php(624): Illuminate\\Database\\Connection->runQueryCallback('select * from `...', Array, Object(Closure))
#1 /home/sankofa/lampstack-7.3.11-0/apache2/htdocs/Sankofa/vendor/laravel/framework/src/Illuminate/Database/Connection.php(333): Illuminate\\Database\\Connection->run('select * from `...', Array, Object(Closure))
#2 /home/sankofa/lampstack-7.3.11-0/apache2/htdocs/Sankofa/vendor/laravel/framework/src/Illuminate/Database/Query/Builder.php(2130): Illuminate\\Database\\Connection->select('select * from `...', Array, true)
#3 /home/sankofa/lampstack-7.3.11-0/apache2/htdocs/Sankofa/vendor/laravel/framework/src/Illuminate/Database/Query/Builder.php(2118): Illuminate\\Database\\Query\\Builder->runSelect()
#4 /home/sankofa/lampstack-7.3.11-0/apache2/htdocs/Sankofa/vendor/laravel/framework/src/Illuminate/Database/Query/Builder.php(2604): Illuminate\\Database\\Query\\Builder->Illuminate\\Database\\Query\\{closure}()
#5 /home/sankofa/lampstack-7.3.11-0/apache2/htdocs/Sankofa/vendor/laravel/framework/src/Illuminate/Database/Query/Builder.php(2119): Illuminate\\Database\\Query\\Builder->onceWithColumns(Array, Object(Closure))
#6 /home/sankofa/lampstack-7.3.11-0/apache2/htdocs/Sankofa/vendor/laravel/framework/src/Illuminate/Database/Eloquent/Builder.php(521): Illuminate\\Database\\Query\\Builder->get(Array)
#7 /home/sankofa/lampstack-7.3.11-0/apache2/htdocs/Sankofa/vendor/laravel/framework/src/Illuminate/Database/Eloquent/Builder.php(505): Illuminate\\Database\\Eloquent\\Builder->getModels(Array)
#8 /home/sankofa/lampstack-7.3.11-0/apache2/htdocs/Sankofa/vendor/laravel/framework/src/Illuminate/Database/Concerns/BuildsQueries.php(77): Illuminate\\Database\\Eloquent\\Builder->get(Array)
#9 /home/sankofa/lampstack-7.3.11-0/apache2/htdocs/Sankofa/app/Providers/AppServiceProvider.php(31): Illuminate\\Database\\Eloquent\\Builder->first()
#10 [internal function]: App\\Providers\\AppServiceProvider->boot()
#11 /home/sankofa/lampstack-7.3.11-0/apache2/htdocs/Sankofa/vendor/laravel/framework/src/Illuminate/Container/BoundMethod.php(32): call_user_func_array(Array, Array)
#12 /home/sankofa/lampstack-7.3.11-0/apache2/htdocs/Sankofa/vendor/laravel/framework/src/Illuminate/Container/BoundMethod.php(90): Illuminate\\Container\\BoundMethod::Illuminate\\Container\\{closure}()
#13 /home/sankofa/lampstack-7.3.11-0/apache2/htdocs/Sankofa/vendor/laravel/framework/src/Illuminate/Container/BoundMethod.php(34): Illuminate\\Container\\BoundMethod::callBoundMethod(Object(Illuminate\\Foundation\\Application), Array, Object(Closure))
#14 /home/sankofa/lampstack-7.3.11-0/apache2/htdocs/Sankofa/vendor/laravel/framework/src/Illuminate/Container/Container.php(576): Illuminate\\Container\\BoundMethod::call(Object(Illuminate\\Foundation\\Application), Array, Array, NULL)
#15 /home/sankofa/lampstack-7.3.11-0/apache2/htdocs/Sankofa/vendor/laravel/framework/src/Illuminate/Foundation/Application.php(827): Illuminate\\Container\\Container->call(Array)
#16 /home/sankofa/lampstack-7.3.11-0/apache2/htdocs/Sankofa/vendor/laravel/framework/src/Illuminate/Foundation/Application.php(810): Illuminate\\Foundation\\Application->bootProvider(Object(App\\Providers\\AppServiceProvider))
#17 [internal function]: Illuminate\\Foundation\\Application->Illuminate\\Foundation\\{closure}(Object(App\\Providers\\AppServiceProvider), 22)
#18 /home/sankofa/lampstack-7.3.11-0/apache2/htdocs/Sankofa/vendor/laravel/framework/src/Illuminate/Foundation/Application.php(811): array_walk(Array, Object(Closure))
#19 /home/sankofa/lampstack-7.3.11-0/apache2/htdocs/Sankofa/vendor/laravel/framework/src/Illuminate/Foundation/Bootstrap/BootProviders.php(17): Illuminate\\Foundation\\Application->boot()
#20 /home/sankofa/lampstack-7.3.11-0/apache2/htdocs/Sankofa/vendor/laravel/framework/src/Illuminate/Foundation/Application.php(210): Illuminate\\Foundation\\Bootstrap\\BootProviders->bootstrap(Object(Illuminate\\Foundation\\Application))
#21 /home/sankofa/lampstack-7.3.11-0/apache2/htdocs/Sankofa/vendor/laravel/framework/src/Illuminate/Foundation/Http/Kernel.php(162): Illuminate\\Foundation\\Application->bootstrapWith(Array)
#22 /home/sankofa/lampstack-7.3.11-0/apache2/htdocs/Sankofa/vendor/laravel/framework/src/Illuminate/Foundation/Http/Kernel.php(146): Illuminate\\Foundation\\Http\\Kernel->bootstrap()
#23 /home/sankofa/lampstack-7.3.11-0/apache2/htdocs/Sankofa/vendor/laravel/framework/src/Illuminate/Foundation/Http/Kernel.php(116): Illuminate\\Foundation\\Http\\Kernel->sendRequestThroughRouter(Object(Illuminate\\Http\\Request))
#24 /home/sankofa/lampstack-7.3.11-0/apache2/htdocs/Sankofa/public/index.php(55): Illuminate\\Foundation\\Http\\Kernel->handle(Object(Illuminate\\Http\\Request))
#25 {main}
"} 
[2021-02-10 08:52:06] local.ERROR: SQLSTATE[HY000] [2002] No such file or directory (SQL: select * from `home_profile` where `active` = 1 limit 1) {"exception":"[object] (Illuminate\\Database\\QueryException(code: 2002): SQLSTATE[HY000] [2002] No such file or directory (SQL: select * from `home_profile` where `active` = 1 limit 1) at /home/sankofa/lampstack-7.3.11-0/apache2/htdocs/Sankofa/vendor/laravel/framework/src/Illuminate/Database/Connection.php:664, Doctrine\\DBAL\\Driver\\PDOException(code: 2002): SQLSTATE[HY000] [2002] No such file or directory at /home/sankofa/lampstack-7.3.11-0/apache2/htdocs/Sankofa/vendor/doctrine/dbal/lib/Doctrine/DBAL/Driver/PDOConnection.php:31, PDOException(code: 2002): SQLSTATE[HY000] [2002] No such file or directory at /home/sankofa/lampstack-7.3.11-0/apache2/htdocs/Sankofa/vendor/doctrine/dbal/lib/Doctrine/DBAL/Driver/PDOConnection.php:27)
[stacktrace]
#0 /home/sankofa/lampstack-7.3.11-0/apache2/htdocs/Sankofa/vendor/laravel/framework/src/Illuminate/Database/Connection.php(624): Illuminate\\Database\\Connection->runQueryCallback('select * from `...', Array, Object(Closure))
#1 /home/sankofa/lampstack-7.3.11-0/apache2/htdocs/Sankofa/vendor/laravel/framework/src/Illuminate/Database/Connection.php(333): Illuminate\\Database\\Connection->run('select * from `...', Array, Object(Closure))
#2 /home/sankofa/lampstack-7.3.11-0/apache2/htdocs/Sankofa/vendor/laravel/framework/src/Illuminate/Database/Query/Builder.php(2130): Illuminate\\Database\\Connection->select('select * from `...', Array, true)
#3 /home/sankofa/lampstack-7.3.11-0/apache2/htdocs/Sankofa/vendor/laravel/framework/src/Illuminate/Database/Query/Builder.php(2118): Illuminate\\Database\\Query\\Builder->runSelect()
#4 /home/sankofa/lampstack-7.3.11-0/apache2/htdocs/Sankofa/vendor/laravel/framework/src/Illuminate/Database/Query/Builder.php(2604): Illuminate\\Database\\Query\\Builder->Illuminate\\Database\\Query\\{closure}()
#5 /home/sankofa/lampstack-7.3.11-0/apache2/htdocs/Sankofa/vendor/laravel/framework/src/Illuminate/Database/Query/Builder.php(2119): Illuminate\\Database\\Query\\Builder->onceWithColumns(Array, Object(Closure))
#6 /home/sankofa/lampstack-7.3.11-0/apache2/htdocs/Sankofa/vendor/laravel/framework/src/Illuminate/Database/Eloquent/Builder.php(521): Illuminate\\Database\\Query\\Builder->get(Array)
#7 /home/sankofa/lampstack-7.3.11-0/apache2/htdocs/Sankofa/vendor/laravel/framework/src/Illuminate/Database/Eloquent/Builder.php(505): Illuminate\\Database\\Eloquent\\Builder->getModels(Array)
#8 /home/sankofa/lampstack-7.3.11-0/apache2/htdocs/Sankofa/vendor/laravel/framework/src/Illuminate/Database/Concerns/BuildsQueries.php(77): Illuminate\\Database\\Eloquent\\Builder->get(Array)
#9 /home/sankofa/lampstack-7.3.11-0/apache2/htdocs/Sankofa/app/Providers/AppServiceProvider.php(31): Illuminate\\Database\\Eloquent\\Builder->first()
#10 [internal function]: App\\Providers\\AppServiceProvider->boot()
#11 /home/sankofa/lampstack-7.3.11-0/apache2/htdocs/Sankofa/vendor/laravel/framework/src/Illuminate/Container/BoundMethod.php(32): call_user_func_array(Array, Array)
#12 /home/sankofa/lampstack-7.3.11-0/apache2/htdocs/Sankofa/vendor/laravel/framework/src/Illuminate/Container/BoundMethod.php(90): Illuminate\\Container\\BoundMethod::Illuminate\\Container\\{closure}()
#13 /home/sankofa/lampstack-7.3.11-0/apache2/htdocs/Sankofa/vendor/laravel/framework/src/Illuminate/Container/BoundMethod.php(34): Illuminate\\Container\\BoundMethod::callBoundMethod(Object(Illuminate\\Foundation\\Application), Array, Object(Closure))
#14 /home/sankofa/lampstack-7.3.11-0/apache2/htdocs/Sankofa/vendor/laravel/framework/src/Illuminate/Container/Container.php(576): Illuminate\\Container\\BoundMethod::call(Object(Illuminate\\Foundation\\Application), Array, Array, NULL)
#15 /home/sankofa/lampstack-7.3.11-0/apache2/htdocs/Sankofa/vendor/laravel/framework/src/Illuminate/Foundation/Application.php(827): Illuminate\\Container\\Container->call(Array)
#16 /home/sankofa/lampstack-7.3.11-0/apache2/htdocs/Sankofa/vendor/laravel/framework/src/Illuminate/Foundation/Application.php(810): Illuminate\\Foundation\\Application->bootProvider(Object(App\\Providers\\AppServiceProvider))
#17 [internal function]: Illuminate\\Foundation\\Application->Illuminate\\Foundation\\{closure}(Object(App\\Providers\\AppServiceProvider), 22)
#18 /home/sankofa/lampstack-7.3.11-0/apache2/htdocs/Sankofa/vendor/laravel/framework/src/Illuminate/Foundation/Application.php(811): array_walk(Array, Object(Closure))
#19 /home/sankofa/lampstack-7.3.11-0/apache2/htdocs/Sankofa/vendor/laravel/framework/src/Illuminate/Foundation/Bootstrap/BootProviders.php(17): Illuminate\\Foundation\\Application->boot()
#20 /home/sankofa/lampstack-7.3.11-0/apache2/htdocs/Sankofa/vendor/laravel/framework/src/Illuminate/Foundation/Application.php(210): Illuminate\\Foundation\\Bootstrap\\BootProviders->bootstrap(Object(Illuminate\\Foundation\\Application))
#21 /home/sankofa/lampstack-7.3.11-0/apache2/htdocs/Sankofa/vendor/laravel/framework/src/Illuminate/Foundation/Http/Kernel.php(162): Illuminate\\Foundation\\Application->bootstrapWith(Array)
#22 /home/sankofa/lampstack-7.3.11-0/apache2/htdocs/Sankofa/vendor/laravel/framework/src/Illuminate/Foundation/Http/Kernel.php(146): Illuminate\\Foundation\\Http\\Kernel->bootstrap()
#23 /home/sankofa/lampstack-7.3.11-0/apache2/htdocs/Sankofa/vendor/laravel/framework/src/Illuminate/Foundation/Http/Kernel.php(116): Illuminate\\Foundation\\Http\\Kernel->sendRequestThroughRouter(Object(Illuminate\\Http\\Request))
#24 /home/sankofa/lampstack-7.3.11-0/apache2/htdocs/Sankofa/public/index.php(55): Illuminate\\Foundation\\Http\\Kernel->handle(Object(Illuminate\\Http\\Request))
#25 {main}
"} 
