[2021-03-03 10:39:41] local.ERROR: SQLSTATE[23000]: Integrity constraint violation: 1062 Duplicate entry '1291' for key 'PRIMARY' (SQL: insert into `sancofa_user` (`full_name`, `department`, `sancofa_id`, `role`, `phone_no`, `university_id`, `gender`, `address`, `photo_status`, `payment_status`, `created_at`) values (Genet Bayehu, Medicine, 1291, member, 0946748723, 01155/12, F, Ch-22 dorm 311, 1, 1, 2021-03-03 10:39:41)) {"userId":1282,"exception":"[object] (Illuminate\\Database\\QueryException(code: 23000): SQLSTATE[23000]: Integrity constraint violation: 1062 Duplicate entry '1291' for key 'PRIMARY' (SQL: insert into `sancofa_user` (`full_name`, `department`, `sancofa_id`, `role`, `phone_no`, `university_id`, `gender`, `address`, `photo_status`, `payment_status`, `created_at`) values (Genet Bayehu, Medicine, 1291, member, 0946748723, 01155/12, F, Ch-22 dorm 311, 1, 1, 2021-03-03 10:39:41)) at /home/sankofa/lampstack-7.3.11-0/apache2/htdocs/Sankofa/vendor/laravel/framework/src/Illuminate/Database/Connection.php:664, Doctrine\\DBAL\\Driver\\PDOException(code: 23000): SQLSTATE[23000]: Integrity constraint violation: 1062 Duplicate entry '1291' for key 'PRIMARY' at /home/sankofa/lampstack-7.3.11-0/apache2/htdocs/Sankofa/vendor/doctrine/dbal/lib/Doctrine/DBAL/Driver/PDOStatement.php:119, PDOException(code: 23000): SQLSTATE[23000]: Integrity constraint violation: 1062 Duplicate entry '1291' for key 'PRIMARY' at /home/sankofa/lampstack-7.3.11-0/apache2/htdocs/Sankofa/vendor/doctrine/dbal/lib/Doctrine/DBAL/Driver/PDOStatement.php:117)
[stacktrace]
#0 /home/sankofa/lampstack-7.3.11-0/apache2/htdocs/Sankofa/vendor/laravel/framework/src/Illuminate/Database/Connection.php(624): Illuminate\\Database\\Connection->runQueryCallback('insert into `sa...', Array, Object(Closure))
#1 /home/sankofa/lampstack-7.3.11-0/apache2/htdocs/Sankofa/vendor/laravel/framework/src/Illuminate/Database/Connection.php(459): Illuminate\\Database\\Connection->run('insert into `sa...', Array, Object(Closure))
#2 /home/sankofa/lampstack-7.3.11-0/apache2/htdocs/Sankofa/vendor/laravel/framework/src/Illuminate/Database/Connection.php(411): Illuminate\\Database\\Connection->statement('insert into `sa...', Array)
#3 /home/sankofa/lampstack-7.3.11-0/apache2/htdocs/Sankofa/vendor/laravel/framework/src/Illuminate/Database/Query/Builder.php(2646): Illuminate\\Database\\Connection->insert('insert into `sa...', Array)
#4 /home/sankofa/lampstack-7.3.11-0/apache2/htdocs/Sankofa/vendor/laravel/framework/src/Illuminate/Database/Eloquent/Builder.php(1353): Illuminate\\Database\\Query\\Builder->insert(Array)
#5 /home/sankofa/lampstack-7.3.11-0/apache2/htdocs/Sankofa/vendor/laravel/framework/src/Illuminate/Database/Eloquent/Model.php(815): Illuminate\\Database\\Eloquent\\Builder->__call('insert', Array)
#6 /home/sankofa/lampstack-7.3.11-0/apache2/htdocs/Sankofa/vendor/laravel/framework/src/Illuminate/Database/Eloquent/Model.php(667): Illuminate\\Database\\Eloquent\\Model->performInsert(Object(Illuminate\\Database\\Eloquent\\Builder))
#7 /home/sankofa/lampstack-7.3.11-0/apache2/htdocs/Sankofa/vendor/laravel/framework/src/Illuminate/Database/Eloquent/Builder.php(795): Illuminate\\Database\\Eloquent\\Model->save()
#8 /home/sankofa/lampstack-7.3.11-0/apache2/htdocs/Sankofa/vendor/laravel/framework/src/Illuminate/Support/helpers.php(1124): Illuminate\\Database\\Eloquent\\Builder->Illuminate\\Database\\Eloquent\\{closure}(Object(App\\Sancofa\\SancofaUser))
#9 /home/sankofa/lampstack-7.3.11-0/apache2/htdocs/Sankofa/vendor/laravel/framework/src/Illuminate/Database/Eloquent/Builder.php(796): tap(Object(App\\Sancofa\\SancofaUser), Object(Closure))
#10 /home/sankofa/lampstack-7.3.11-0/apache2/htdocs/Sankofa/vendor/laravel/framework/src/Illuminate/Support/Traits/ForwardsCalls.php(23): Illuminate\\Database\\Eloquent\\Builder->create(Array)
#11 /home/sankofa/lampstack-7.3.11-0/apache2/htdocs/Sankofa/vendor/laravel/framework/src/Illuminate/Database/Eloquent/Model.php(1618): Illuminate\\Database\\Eloquent\\Model->forwardCallTo(Object(Illuminate\\Database\\Eloquent\\Builder), 'create', Array)
#12 /home/sankofa/lampstack-7.3.11-0/apache2/htdocs/Sankofa/vendor/laravel/framework/src/Illuminate/Database/Eloquent/Model.php(1630): Illuminate\\Database\\Eloquent\\Model->__call('create', Array)
#13 /home/sankofa/lampstack-7.3.11-0/apache2/htdocs/Sankofa/app/Http/Controllers/Sancofa/Members/MembersController.php(95): Illuminate\\Database\\Eloquent\\Model::__callStatic('create', Array)
#14 /home/sankofa/lampstack-7.3.11-0/apache2/htdocs/Sankofa/vendor/laravel/framework/src/Illuminate/Database/Concerns/ManagesTransactions.php(29): App\\Http\\Controllers\\Sancofa\\Members\\MembersController->App\\Http\\Controllers\\Sancofa\\Members\\{closure}(Object(Illuminate\\Database\\MySqlConnection))
#15 /home/sankofa/lampstack-7.3.11-0/apache2/htdocs/Sankofa/vendor/laravel/framework/src/Illuminate/Database/DatabaseManager.php(349): Illuminate\\Database\\Connection->transaction(Object(Closure))
#16 /home/sankofa/lampstack-7.3.11-0/apache2/htdocs/Sankofa/vendor/laravel/framework/src/Illuminate/Support/Facades/Facade.php(237): Illuminate\\Database\\DatabaseManager->__call('transaction', Array)
#17 /home/sankofa/lampstack-7.3.11-0/apache2/htdocs/Sankofa/app/Http/Controllers/Sancofa/Members/MembersController.php(99): Illuminate\\Support\\Facades\\Facade::__callStatic('transaction', Array)
#18 [internal function]: App\\Http\\Controllers\\Sancofa\\Members\\MembersController->register(Object(App\\Http\\Requests\\Sancofa\\addMember), -1)
#19 /home/sankofa/lampstack-7.3.11-0/apache2/htdocs/Sankofa/vendor/laravel/framework/src/Illuminate/Routing/Controller.php(54): call_user_func_array(Array, Array)
#20 /home/sankofa/lampstack-7.3.11-0/apache2/htdocs/Sankofa/vendor/laravel/framework/src/Illuminate/Routing/ControllerDispatcher.php(45): Illuminate\\Routing\\Controller->callAction('register', Array)
#21 /home/sankofa/lampstack-7.3.11-0/apache2/htdocs/Sankofa/vendor/laravel/framework/src/Illuminate/Routing/Route.php(219): Illuminate\\Routing\\ControllerDispatcher->dispatch(Object(Illuminate\\Routing\\Route), Object(App\\Http\\Controllers\\Sancofa\\Members\\MembersController), 'register')
#22 /home/sankofa/lampstack-7.3.11-0/apache2/htdocs/Sankofa/vendor/laravel/framework/src/Illuminate/Routing/Route.php(176): Illuminate\\Routing\\Route->runController()
#23 /home/sankofa/lampstack-7.3.11-0/apache2/htdocs/Sankofa/vendor/laravel/framework/src/Illuminate/Routing/Router.php(680): Illuminate\\Routing\\Route->run()
#24 /home/sankofa/lampstack-7.3.11-0/apache2/htdocs/Sankofa/vendor/laravel/framework/src/Illuminate/Routing/Pipeline.php(30): Illuminate\\Routing\\Router->Illuminate\\Routing\\{closure}(Object(Illuminate\\Http\\Request))
#25 /home/sankofa/lampstack-7.3.11-0/apache2/htdocs/Sankofa/app/Http/Middleware/Sancofa/BlockedStatus.php(25): Illuminate\\Routing\\Pipeline->Illuminate\\Routing\\{closure}(Object(Illuminate\\Http\\Request))
#26 /home/sankofa/lampstack-7.3.11-0/apache2/htdocs/Sankofa/vendor/laravel/framework/src/Illuminate/Pipeline/Pipeline.php(163): App\\Http\\Middleware\\Sancofa\\BlockedStatus->handle(Object(Illuminate\\Http\\Request), Object(Closure))
#27 /home/sankofa/lampstack-7.3.11-0/apache2/htdocs/Sankofa/vendor/laravel/framework/src/Illuminate/Routing/Pipeline.php(53): Illuminate\\Pipeline\\Pipeline->Illuminate\\Pipeline\\{closure}(Object(Illuminate\\Http\\Request))
#28 /home/sankofa/lampstack-7.3.11-0/apache2/htdocs/Sankofa/app/Http/Middleware/Sancofa/SancofaAuth.php(19): Illuminate\\Routing\\Pipeline->Illuminate\\Routing\\{closure}(Object(Illuminate\\Http\\Request))
#29 /home/sankofa/lampstack-7.3.11-0/apache2/htdocs/Sankofa/vendor/laravel/framework/src/Illuminate/Pipeline/Pipeline.php(163): App\\Http\\Middleware\\Sancofa\\SancofaAuth->handle(Object(Illuminate\\Http\\Request), Object(Closure))
#30 /home/sankofa/lampstack-7.3.11-0/apache2/htdocs/Sankofa/vendor/laravel/framework/src/Illuminate/Routing/Pipeline.php(53): Illuminate\\Pipeline\\Pipeline->Illuminate\\Pipeline\\{closure}(Object(Illuminate\\Http\\Request))
#31 /home/sankofa/lampstack-7.3.11-0/apache2/htdocs/Sankofa/vendor/laravel/framework/src/Illuminate/Routing/Middleware/SubstituteBindings.php(41): Illuminate\\Routing\\Pipeline->Illuminate\\Routing\\{closure}(Object(Illuminate\\Http\\Request))
#32 /home/sankofa/lampstack-7.3.11-0/apache2/htdocs/Sankofa/vendor/laravel/framework/src/Illuminate/Pipeline/Pipeline.php(163): Illuminate\\Routing\\Middleware\\SubstituteBindings->handle(Object(Illuminate\\Http\\Request), Object(Closure))
#33 /home/sankofa/lampstack-7.3.11-0/apache2/htdocs/Sankofa/vendor/laravel/framework/src/Illuminate/Routing/Pipeline.php(53): Illuminate\\Pipeline\\Pipeline->Illuminate\\Pipeline\\{closure}(Object(Illuminate\\Http\\Request))
#34 /home/sankofa/lampstack-7.3.11-0/apache2/htdocs/Sankofa/vendor/laravel/framework/src/Illuminate/Foundation/Http/Middleware/VerifyCsrfToken.php(75): Illuminate\\Routing\\Pipeline->Illuminate\\Routing\\{closure}(Object(Illuminate\\Http\\Request))
#35 /home/sankofa/lampstack-7.3.11-0/apache2/htdocs/Sankofa/vendor/laravel/framework/src/Illuminate/Pipeline/Pipeline.php(163): Illuminate\\Foundation\\Http\\Middleware\\VerifyCsrfToken->handle(Object(Illuminate\\Http\\Request), Object(Closure))
#36 /home/sankofa/lampstack-7.3.11-0/apache2/htdocs/Sankofa/vendor/laravel/framework/src/Illuminate/Routing/Pipeline.php(53): Illuminate\\Pipeline\\Pipeline->Illuminate\\Pipeline\\{closure}(Object(Illuminate\\Http\\Request))
#37 /home/sankofa/lampstack-7.3.11-0/apache2/htdocs/Sankofa/vendor/laravel/framework/src/Illuminate/View/Middleware/ShareErrorsFromSession.php(49): Illuminate\\Routing\\Pipeline->Illuminate\\Routing\\{closure}(Object(Illuminate\\Http\\Request))
#38 /home/sankofa/lampstack-7.3.11-0/apache2/htdocs/Sankofa/vendor/laravel/framework/src/Illuminate/Pipeline/Pipeline.php(163): Illuminate\\View\\Middleware\\ShareErrorsFromSession->handle(Object(Illuminate\\Http\\Request), Object(Closure))
#39 /home/sankofa/lampstack-7.3.11-0/apache2/htdocs/Sankofa/vendor/laravel/framework/src/Illuminate/Routing/Pipeline.php(53): Illuminate\\Pipeline\\Pipeline->Illuminate\\Pipeline\\{closure}(Object(Illuminate\\Http\\Request))
#40 /home/sankofa/lampstack-7.3.11-0/apache2/htdocs/Sankofa/vendor/laravel/framework/src/Illuminate/Session/Middleware/StartSession.php(56): Illuminate\\Routing\\Pipeline->Illuminate\\Routing\\{closure}(Object(Illuminate\\Http\\Request))
#41 /home/sankofa/lampstack-7.3.11-0/apache2/htdocs/Sankofa/vendor/laravel/framework/src/Illuminate/Pipeline/Pipeline.php(163): Illuminate\\Session\\Middleware\\StartSession->handle(Object(Illuminate\\Http\\Request), Object(Closure))
#42 /home/sankofa/lampstack-7.3.11-0/apache2/htdocs/Sankofa/vendor/laravel/framework/src/Illuminate/Routing/Pipeline.php(53): Illuminate\\Pipeline\\Pipeline->Illuminate\\Pipeline\\{closure}(Object(Illuminate\\Http\\Request))
#43 /home/sankofa/lampstack-7.3.11-0/apache2/htdocs/Sankofa/vendor/laravel/framework/src/Illuminate/Cookie/Middleware/AddQueuedCookiesToResponse.php(37): Illuminate\\Routing\\Pipeline->Illuminate\\Routing\\{closure}(Object(Illuminate\\Http\\Request))
#44 /home/sankofa/lampstack-7.3.11-0/apache2/htdocs/Sankofa/vendor/laravel/framework/src/Illuminate/Pipeline/Pipeline.php(163): Illuminate\\Cookie\\Middleware\\AddQueuedCookiesToResponse->handle(Object(Illuminate\\Http\\Request), Object(Closure))
#45 /home/sankofa/lampstack-7.3.11-0/apache2/htdocs/Sankofa/vendor/laravel/framework/src/Illuminate/Routing/Pipeline.php(53): Illuminate\\Pipeline\\Pipeline->Illuminate\\Pipeline\\{closure}(Object(Illuminate\\Http\\Request))
#46 /home/sankofa/lampstack-7.3.11-0/apache2/htdocs/Sankofa/vendor/laravel/framework/src/Illuminate/Cookie/Middleware/EncryptCookies.php(66): Illuminate\\Routing\\Pipeline->Illuminate\\Routing\\{closure}(Object(Illuminate\\Http\\Request))
#47 /home/sankofa/lampstack-7.3.11-0/apache2/htdocs/Sankofa/vendor/laravel/framework/src/Illuminate/Pipeline/Pipeline.php(163): Illuminate\\Cookie\\Middleware\\EncryptCookies->handle(Object(Illuminate\\Http\\Request), Object(Closure))
#48 /home/sankofa/lampstack-7.3.11-0/apache2/htdocs/Sankofa/vendor/laravel/framework/src/Illuminate/Routing/Pipeline.php(53): Illuminate\\Pipeline\\Pipeline->Illuminate\\Pipeline\\{closure}(Object(Illuminate\\Http\\Request))
#49 /home/sankofa/lampstack-7.3.11-0/apache2/htdocs/Sankofa/vendor/laravel/framework/src/Illuminate/Pipeline/Pipeline.php(104): Illuminate\\Routing\\Pipeline->Illuminate\\Routing\\{closure}(Object(Illuminate\\Http\\Request))
#50 /home/sankofa/lampstack-7.3.11-0/apache2/htdocs/Sankofa/vendor/laravel/framework/src/Illuminate/Routing/Router.php(682): Illuminate\\Pipeline\\Pipeline->then(Object(Closure))
#51 /home/sankofa/lampstack-7.3.11-0/apache2/htdocs/Sankofa/vendor/laravel/framework/src/Illuminate/Routing/Router.php(657): Illuminate\\Routing\\Router->runRouteWithinStack(Object(Illuminate\\Routing\\Route), Object(Illuminate\\Http\\Request))
#52 /home/sankofa/lampstack-7.3.11-0/apache2/htdocs/Sankofa/vendor/laravel/framework/src/Illuminate/Routing/Router.php(623): Illuminate\\Routing\\Router->runRoute(Object(Illuminate\\Http\\Request), Object(Illuminate\\Routing\\Route))
#53 /home/sankofa/lampstack-7.3.11-0/apache2/htdocs/Sankofa/vendor/laravel/framework/src/Illuminate/Routing/Router.php(612): Illuminate\\Routing\\Router->dispatchToRoute(Object(Illuminate\\Http\\Request))
#54 /home/sankofa/lampstack-7.3.11-0/apache2/htdocs/Sankofa/vendor/laravel/framework/src/Illuminate/Foundation/Http/Kernel.php(176): Illuminate\\Routing\\Router->dispatch(Object(Illuminate\\Http\\Request))
#55 /home/sankofa/lampstack-7.3.11-0/apache2/htdocs/Sankofa/vendor/laravel/framework/src/Illuminate/Routing/Pipeline.php(30): Illuminate\\Foundation\\Http\\Kernel->Illuminate\\Foundation\\Http\\{closure}(Object(Illuminate\\Http\\Request))
#56 /home/sankofa/lampstack-7.3.11-0/apache2/htdocs/Sankofa/vendor/fideloper/proxy/src/TrustProxies.php(57): Illuminate\\Routing\\Pipeline->Illuminate\\Routing\\{closure}(Object(Illuminate\\Http\\Request))
#57 /home/sankofa/lampstack-7.3.11-0/apache2/htdocs/Sankofa/vendor/laravel/framework/src/Illuminate/Pipeline/Pipeline.php(163): Fideloper\\Proxy\\TrustProxies->handle(Object(Illuminate\\Http\\Request), Object(Closure))
#58 /home/sankofa/lampstack-7.3.11-0/apache2/htdocs/Sankofa/vendor/laravel/framework/src/Illuminate/Routing/Pipeline.php(53): Illuminate\\Pipeline\\Pipeline->Illuminate\\Pipeline\\{closure}(Object(Illuminate\\Http\\Request))
#59 /home/sankofa/lampstack-7.3.11-0/apache2/htdocs/Sankofa/vendor/laravel/framework/src/Illuminate/Foundation/Http/Middleware/TransformsRequest.php(21): Illuminate\\Routing\\Pipeline->Illuminate\\Routing\\{closure}(Object(Illuminate\\Http\\Request))
#60 /home/sankofa/lampstack-7.3.11-0/apache2/htdocs/Sankofa/vendor/laravel/framework/src/Illuminate/Pipeline/Pipeline.php(163): Illuminate\\Foundation\\Http\\Middleware\\TransformsRequest->handle(Object(Illuminate\\Http\\Request), Object(Closure))
#61 /home/sankofa/lampstack-7.3.11-0/apache2/htdocs/Sankofa/vendor/laravel/framework/src/Illuminate/Routing/Pipeline.php(53): Illuminate\\Pipeline\\Pipeline->Illuminate\\Pipeline\\{closure}(Object(Illuminate\\Http\\Request))
#62 /home/sankofa/lampstack-7.3.11-0/apache2/htdocs/Sankofa/vendor/laravel/framework/src/Illuminate/Foundation/Http/Middleware/TransformsRequest.php(21): Illuminate\\Routing\\Pipeline->Illuminate\\Routing\\{closure}(Object(Illuminate\\Http\\Request))
#63 /home/sankofa/lampstack-7.3.11-0/apache2/htdocs/Sankofa/vendor/laravel/framework/src/Illuminate/Pipeline/Pipeline.php(163): Illuminate\\Foundation\\Http\\Middleware\\TransformsRequest->handle(Object(Illuminate\\Http\\Request), Object(Closure))
#64 /home/sankofa/lampstack-7.3.11-0/apache2/htdocs/Sankofa/vendor/laravel/framework/src/Illuminate/Routing/Pipeline.php(53): Illuminate\\Pipeline\\Pipeline->Illuminate\\Pipeline\\{closure}(Object(Illuminate\\Http\\Request))
#65 /home/sankofa/lampstack-7.3.11-0/apache2/htdocs/Sankofa/vendor/laravel/framework/src/Illuminate/Foundation/Http/Middleware/ValidatePostSize.php(27): Illuminate\\Routing\\Pipeline->Illuminate\\Routing\\{closure}(Object(Illuminate\\Http\\Request))
#66 /home/sankofa/lampstack-7.3.11-0/apache2/htdocs/Sankofa/vendor/laravel/framework/src/Illuminate/Pipeline/Pipeline.php(163): Illuminate\\Foundation\\Http\\Middleware\\ValidatePostSize->handle(Object(Illuminate\\Http\\Request), Object(Closure))
#67 /home/sankofa/lampstack-7.3.11-0/apache2/htdocs/Sankofa/vendor/laravel/framework/src/Illuminate/Routing/Pipeline.php(53): Illuminate\\Pipeline\\Pipeline->Illuminate\\Pipeline\\{closure}(Object(Illuminate\\Http\\Request))
#68 /home/sankofa/lampstack-7.3.11-0/apache2/htdocs/Sankofa/vendor/laravel/framework/src/Illuminate/Foundation/Http/Middleware/CheckForMaintenanceMode.php(62): Illuminate\\Routing\\Pipeline->Illuminate\\Routing\\{closure}(Object(Illuminate\\Http\\Request))
#69 /home/sankofa/lampstack-7.3.11-0/apache2/htdocs/Sankofa/vendor/laravel/framework/src/Illuminate/Pipeline/Pipeline.php(163): Illuminate\\Foundation\\Http\\Middleware\\CheckForMaintenanceMode->handle(Object(Illuminate\\Http\\Request), Object(Closure))
#70 /home/sankofa/lampstack-7.3.11-0/apache2/htdocs/Sankofa/vendor/laravel/framework/src/Illuminate/Routing/Pipeline.php(53): Illuminate\\Pipeline\\Pipeline->Illuminate\\Pipeline\\{closure}(Object(Illuminate\\Http\\Request))
#71 /home/sankofa/lampstack-7.3.11-0/apache2/htdocs/Sankofa/vendor/laravel/framework/src/Illuminate/Pipeline/Pipeline.php(104): Illuminate\\Routing\\Pipeline->Illuminate\\Routing\\{closure}(Object(Illuminate\\Http\\Request))
#72 /home/sankofa/lampstack-7.3.11-0/apache2/htdocs/Sankofa/vendor/laravel/framework/src/Illuminate/Foundation/Http/Kernel.php(151): Illuminate\\Pipeline\\Pipeline->then(Object(Closure))
#73 /home/sankofa/lampstack-7.3.11-0/apache2/htdocs/Sankofa/vendor/laravel/framework/src/Illuminate/Foundation/Http/Kernel.php(116): Illuminate\\Foundation\\Http\\Kernel->sendRequestThroughRouter(Object(Illuminate\\Http\\Request))
#74 /home/sankofa/lampstack-7.3.11-0/apache2/htdocs/Sankofa/public/index.php(55): Illuminate\\Foundation\\Http\\Kernel->handle(Object(Illuminate\\Http\\Request))
#75 {main}
"} 
