[2022-02-23 20:50:34] local.ERROR: SQLSTATE[HY000] [2002] Connection refused (SQL: select * from `home_profile` where `active` = 1 limit 1) {"exception":"[object] (Illuminate\\Database\\QueryException(code: 2002): SQLSTATE[HY000] [2002] Connection refused (SQL: select * from `home_profile` where `active` = 1 limit 1) at /home/super/Documents/projects/Sankofa/vendor/laravel/framework/src/Illuminate/Database/Connection.php:703)
[stacktrace]
#0 /home/super/Documents/projects/Sankofa/vendor/laravel/framework/src/Illuminate/Database/Connection.php(775): Illuminate\\Database\\Connection->runQueryCallback()
#1 /home/super/Documents/projects/Sankofa/vendor/laravel/framework/src/Illuminate/Database/Connection.php(755): Illuminate\\Database\\Connection->tryAgainIfCausedByLostConnection()
#2 /home/super/Documents/projects/Sankofa/vendor/laravel/framework/src/Illuminate/Database/Connection.php(666): Illuminate\\Database\\Connection->handleQueryException()
#3 /home/super/Documents/projects/Sankofa/vendor/laravel/framework/src/Illuminate/Database/Connection.php(367): Illuminate\\Database\\Connection->run()
#4 /home/super/Documents/projects/Sankofa/vendor/laravel/framework/src/Illuminate/Database/Query/Builder.php(2350): Illuminate\\Database\\Connection->select()
#5 /home/super/Documents/projects/Sankofa/vendor/laravel/framework/src/Illuminate/Database/Query/Builder.php(2338): Illuminate\\Database\\Query\\Builder->runSelect()
#6 /home/super/Documents/projects/Sankofa/vendor/laravel/framework/src/Illuminate/Database/Query/Builder.php(2872): Illuminate\\Database\\Query\\Builder->Illuminate\\Database\\Query\\{closure}()
#7 /home/super/Documents/projects/Sankofa/vendor/laravel/framework/src/Illuminate/Database/Query/Builder.php(2339): Illuminate\\Database\\Query\\Builder->onceWithColumns()
#8 /home/super/Documents/projects/Sankofa/vendor/laravel/framework/src/Illuminate/Database/Eloquent/Builder.php(615): Illuminate\\Database\\Query\\Builder->get()
#9 /home/super/Documents/projects/Sankofa/vendor/laravel/framework/src/Illuminate/Database/Eloquent/Builder.php(599): Illuminate\\Database\\Eloquent\\Builder->getModels()
#10 /home/super/Documents/projects/Sankofa/vendor/laravel/framework/src/Illuminate/Database/Concerns/BuildsQueries.php(259): Illuminate\\Database\\Eloquent\\Builder->get()
#11 /home/super/Documents/projects/Sankofa/app/Providers/AppServiceProvider.php(36): Illuminate\\Database\\Eloquent\\Builder->first()
#12 /home/super/Documents/projects/Sankofa/vendor/laravel/framework/src/Illuminate/Container/BoundMethod.php(36): App\\Providers\\AppServiceProvider->boot()
#13 /home/super/Documents/projects/Sankofa/vendor/laravel/framework/src/Illuminate/Container/Util.php(40): Illuminate\\Container\\BoundMethod::Illuminate\\Container\\{closure}()
#14 /home/super/Documents/projects/Sankofa/vendor/laravel/framework/src/Illuminate/Container/BoundMethod.php(93): Illuminate\\Container\\Util::unwrapIfClosure()
#15 /home/super/Documents/projects/Sankofa/vendor/laravel/framework/src/Illuminate/Container/BoundMethod.php(37): Illuminate\\Container\\BoundMethod::callBoundMethod()
#16 /home/super/Documents/projects/Sankofa/vendor/laravel/framework/src/Illuminate/Container/Container.php(653): Illuminate\\Container\\BoundMethod::call()
#17 /home/super/Documents/projects/Sankofa/vendor/laravel/framework/src/Illuminate/Foundation/Application.php(914): Illuminate\\Container\\Container->call()
#18 /home/super/Documents/projects/Sankofa/vendor/laravel/framework/src/Illuminate/Foundation/Application.php(895): Illuminate\\Foundation\\Application->bootProvider()
#19 [internal function]: Illuminate\\Foundation\\Application->Illuminate\\Foundation\\{closure}()
#20 /home/super/Documents/projects/Sankofa/vendor/laravel/framework/src/Illuminate/Foundation/Application.php(896): array_walk()
#21 /home/super/Documents/projects/Sankofa/vendor/laravel/framework/src/Illuminate/Foundation/Bootstrap/BootProviders.php(17): Illuminate\\Foundation\\Application->boot()
#22 /home/super/Documents/projects/Sankofa/vendor/laravel/framework/src/Illuminate/Foundation/Application.php(237): Illuminate\\Foundation\\Bootstrap\\BootProviders->bootstrap()
#23 /home/super/Documents/projects/Sankofa/vendor/laravel/framework/src/Illuminate/Foundation/Console/Kernel.php(310): Illuminate\\Foundation\\Application->bootstrapWith()
#24 /home/super/Documents/projects/Sankofa/vendor/laravel/framework/src/Illuminate/Foundation/Console/Kernel.php(127): Illuminate\\Foundation\\Console\\Kernel->bootstrap()
#25 /home/super/Documents/projects/Sankofa/artisan(37): Illuminate\\Foundation\\Console\\Kernel->handle()
#26 {main}

[previous exception] [object] (PDOException(code: 2002): SQLSTATE[HY000] [2002] Connection refused at /home/super/Documents/projects/Sankofa/vendor/laravel/framework/src/Illuminate/Database/Connectors/Connector.php:70)
[stacktrace]
#0 /home/super/Documents/projects/Sankofa/vendor/laravel/framework/src/Illuminate/Database/Connectors/Connector.php(70): PDO->__construct()
#1 /home/super/Documents/projects/Sankofa/vendor/laravel/framework/src/Illuminate/Database/Connectors/Connector.php(100): Illuminate\\Database\\Connectors\\Connector->createPdoConnection()
#2 /home/super/Documents/projects/Sankofa/vendor/laravel/framework/src/Illuminate/Database/Connectors/Connector.php(50): Illuminate\\Database\\Connectors\\Connector->tryAgainIfCausedByLostConnection()
#3 /home/super/Documents/projects/Sankofa/vendor/laravel/framework/src/Illuminate/Database/Connectors/MySqlConnector.php(24): Illuminate\\Database\\Connectors\\Connector->createConnection()
#4 /home/super/Documents/projects/Sankofa/vendor/laravel/framework/src/Illuminate/Database/Connectors/ConnectionFactory.php(184): Illuminate\\Database\\Connectors\\MySqlConnector->connect()
#5 [internal function]: Illuminate\\Database\\Connectors\\ConnectionFactory->Illuminate\\Database\\Connectors\\{closure}()
#6 /home/super/Documents/projects/Sankofa/vendor/laravel/framework/src/Illuminate/Database/Connection.php(1021): call_user_func()
#7 /home/super/Documents/projects/Sankofa/vendor/laravel/framework/src/Illuminate/Database/Connection.php(1057): Illuminate\\Database\\Connection->getPdo()
#8 /home/super/Documents/projects/Sankofa/vendor/laravel/framework/src/Illuminate/Database/Connection.php(433): Illuminate\\Database\\Connection->getReadPdo()
#9 /home/super/Documents/projects/Sankofa/vendor/laravel/framework/src/Illuminate/Database/Connection.php(359): Illuminate\\Database\\Connection->getPdoForSelect()
#10 /home/super/Documents/projects/Sankofa/vendor/laravel/framework/src/Illuminate/Database/Connection.php(696): Illuminate\\Database\\Connection->Illuminate\\Database\\{closure}()
#11 /home/super/Documents/projects/Sankofa/vendor/laravel/framework/src/Illuminate/Database/Connection.php(775): Illuminate\\Database\\Connection->runQueryCallback()
#12 /home/super/Documents/projects/Sankofa/vendor/laravel/framework/src/Illuminate/Database/Connection.php(755): Illuminate\\Database\\Connection->tryAgainIfCausedByLostConnection()
#13 /home/super/Documents/projects/Sankofa/vendor/laravel/framework/src/Illuminate/Database/Connection.php(666): Illuminate\\Database\\Connection->handleQueryException()
#14 /home/super/Documents/projects/Sankofa/vendor/laravel/framework/src/Illuminate/Database/Connection.php(367): Illuminate\\Database\\Connection->run()
#15 /home/super/Documents/projects/Sankofa/vendor/laravel/framework/src/Illuminate/Database/Query/Builder.php(2350): Illuminate\\Database\\Connection->select()
#16 /home/super/Documents/projects/Sankofa/vendor/laravel/framework/src/Illuminate/Database/Query/Builder.php(2338): Illuminate\\Database\\Query\\Builder->runSelect()
#17 /home/super/Documents/projects/Sankofa/vendor/laravel/framework/src/Illuminate/Database/Query/Builder.php(2872): Illuminate\\Database\\Query\\Builder->Illuminate\\Database\\Query\\{closure}()
#18 /home/super/Documents/projects/Sankofa/vendor/laravel/framework/src/Illuminate/Database/Query/Builder.php(2339): Illuminate\\Database\\Query\\Builder->onceWithColumns()
#19 /home/super/Documents/projects/Sankofa/vendor/laravel/framework/src/Illuminate/Database/Eloquent/Builder.php(615): Illuminate\\Database\\Query\\Builder->get()
#20 /home/super/Documents/projects/Sankofa/vendor/laravel/framework/src/Illuminate/Database/Eloquent/Builder.php(599): Illuminate\\Database\\Eloquent\\Builder->getModels()
#21 /home/super/Documents/projects/Sankofa/vendor/laravel/framework/src/Illuminate/Database/Concerns/BuildsQueries.php(259): Illuminate\\Database\\Eloquent\\Builder->get()
#22 /home/super/Documents/projects/Sankofa/app/Providers/AppServiceProvider.php(36): Illuminate\\Database\\Eloquent\\Builder->first()
#23 /home/super/Documents/projects/Sankofa/vendor/laravel/framework/src/Illuminate/Container/BoundMethod.php(36): App\\Providers\\AppServiceProvider->boot()
#24 /home/super/Documents/projects/Sankofa/vendor/laravel/framework/src/Illuminate/Container/Util.php(40): Illuminate\\Container\\BoundMethod::Illuminate\\Container\\{closure}()
#25 /home/super/Documents/projects/Sankofa/vendor/laravel/framework/src/Illuminate/Container/BoundMethod.php(93): Illuminate\\Container\\Util::unwrapIfClosure()
#26 /home/super/Documents/projects/Sankofa/vendor/laravel/framework/src/Illuminate/Container/BoundMethod.php(37): Illuminate\\Container\\BoundMethod::callBoundMethod()
#27 /home/super/Documents/projects/Sankofa/vendor/laravel/framework/src/Illuminate/Container/Container.php(653): Illuminate\\Container\\BoundMethod::call()
#28 /home/super/Documents/projects/Sankofa/vendor/laravel/framework/src/Illuminate/Foundation/Application.php(914): Illuminate\\Container\\Container->call()
#29 /home/super/Documents/projects/Sankofa/vendor/laravel/framework/src/Illuminate/Foundation/Application.php(895): Illuminate\\Foundation\\Application->bootProvider()
#30 [internal function]: Illuminate\\Foundation\\Application->Illuminate\\Foundation\\{closure}()
#31 /home/super/Documents/projects/Sankofa/vendor/laravel/framework/src/Illuminate/Foundation/Application.php(896): array_walk()
#32 /home/super/Documents/projects/Sankofa/vendor/laravel/framework/src/Illuminate/Foundation/Bootstrap/BootProviders.php(17): Illuminate\\Foundation\\Application->boot()
#33 /home/super/Documents/projects/Sankofa/vendor/laravel/framework/src/Illuminate/Foundation/Application.php(237): Illuminate\\Foundation\\Bootstrap\\BootProviders->bootstrap()
#34 /home/super/Documents/projects/Sankofa/vendor/laravel/framework/src/Illuminate/Foundation/Console/Kernel.php(310): Illuminate\\Foundation\\Application->bootstrapWith()
#35 /home/super/Documents/projects/Sankofa/vendor/laravel/framework/src/Illuminate/Foundation/Console/Kernel.php(127): Illuminate\\Foundation\\Console\\Kernel->bootstrap()
#36 /home/super/Documents/projects/Sankofa/artisan(37): Illuminate\\Foundation\\Console\\Kernel->handle()
#37 {main}
"} 
[2022-02-23 20:50:34] local.ERROR: SQLSTATE[HY000] [2002] Connection refused (SQL: select * from `home_profile` where `active` = 1 limit 1) {"exception":"[object] (Illuminate\\Database\\QueryException(code: 2002): SQLSTATE[HY000] [2002] Connection refused (SQL: select * from `home_profile` where `active` = 1 limit 1) at /home/super/Documents/projects/Sankofa/vendor/laravel/framework/src/Illuminate/Database/Connection.php:703)
[stacktrace]
#0 /home/super/Documents/projects/Sankofa/vendor/laravel/framework/src/Illuminate/Database/Connection.php(775): Illuminate\\Database\\Connection->runQueryCallback()
#1 /home/super/Documents/projects/Sankofa/vendor/laravel/framework/src/Illuminate/Database/Connection.php(755): Illuminate\\Database\\Connection->tryAgainIfCausedByLostConnection()
#2 /home/super/Documents/projects/Sankofa/vendor/laravel/framework/src/Illuminate/Database/Connection.php(666): Illuminate\\Database\\Connection->handleQueryException()
#3 /home/super/Documents/projects/Sankofa/vendor/laravel/framework/src/Illuminate/Database/Connection.php(367): Illuminate\\Database\\Connection->run()
#4 /home/super/Documents/projects/Sankofa/vendor/laravel/framework/src/Illuminate/Database/Query/Builder.php(2350): Illuminate\\Database\\Connection->select()
#5 /home/super/Documents/projects/Sankofa/vendor/laravel/framework/src/Illuminate/Database/Query/Builder.php(2338): Illuminate\\Database\\Query\\Builder->runSelect()
#6 /home/super/Documents/projects/Sankofa/vendor/laravel/framework/src/Illuminate/Database/Query/Builder.php(2872): Illuminate\\Database\\Query\\Builder->Illuminate\\Database\\Query\\{closure}()
#7 /home/super/Documents/projects/Sankofa/vendor/laravel/framework/src/Illuminate/Database/Query/Builder.php(2339): Illuminate\\Database\\Query\\Builder->onceWithColumns()
#8 /home/super/Documents/projects/Sankofa/vendor/laravel/framework/src/Illuminate/Database/Eloquent/Builder.php(615): Illuminate\\Database\\Query\\Builder->get()
#9 /home/super/Documents/projects/Sankofa/vendor/laravel/framework/src/Illuminate/Database/Eloquent/Builder.php(599): Illuminate\\Database\\Eloquent\\Builder->getModels()
#10 /home/super/Documents/projects/Sankofa/vendor/laravel/framework/src/Illuminate/Database/Concerns/BuildsQueries.php(259): Illuminate\\Database\\Eloquent\\Builder->get()
#11 /home/super/Documents/projects/Sankofa/app/Providers/AppServiceProvider.php(36): Illuminate\\Database\\Eloquent\\Builder->first()
#12 /home/super/Documents/projects/Sankofa/vendor/laravel/framework/src/Illuminate/Container/BoundMethod.php(36): App\\Providers\\AppServiceProvider->boot()
#13 /home/super/Documents/projects/Sankofa/vendor/laravel/framework/src/Illuminate/Container/Util.php(40): Illuminate\\Container\\BoundMethod::Illuminate\\Container\\{closure}()
#14 /home/super/Documents/projects/Sankofa/vendor/laravel/framework/src/Illuminate/Container/BoundMethod.php(93): Illuminate\\Container\\Util::unwrapIfClosure()
#15 /home/super/Documents/projects/Sankofa/vendor/laravel/framework/src/Illuminate/Container/BoundMethod.php(37): Illuminate\\Container\\BoundMethod::callBoundMethod()
#16 /home/super/Documents/projects/Sankofa/vendor/laravel/framework/src/Illuminate/Container/Container.php(653): Illuminate\\Container\\BoundMethod::call()
#17 /home/super/Documents/projects/Sankofa/vendor/laravel/framework/src/Illuminate/Foundation/Application.php(914): Illuminate\\Container\\Container->call()
#18 /home/super/Documents/projects/Sankofa/vendor/laravel/framework/src/Illuminate/Foundation/Application.php(895): Illuminate\\Foundation\\Application->bootProvider()
#19 [internal function]: Illuminate\\Foundation\\Application->Illuminate\\Foundation\\{closure}()
#20 /home/super/Documents/projects/Sankofa/vendor/laravel/framework/src/Illuminate/Foundation/Application.php(896): array_walk()
#21 /home/super/Documents/projects/Sankofa/vendor/laravel/framework/src/Illuminate/Foundation/Bootstrap/BootProviders.php(17): Illuminate\\Foundation\\Application->boot()
#22 /home/super/Documents/projects/Sankofa/vendor/laravel/framework/src/Illuminate/Foundation/Application.php(237): Illuminate\\Foundation\\Bootstrap\\BootProviders->bootstrap()
#23 /home/super/Documents/projects/Sankofa/vendor/laravel/framework/src/Illuminate/Foundation/Console/Kernel.php(310): Illuminate\\Foundation\\Application->bootstrapWith()
#24 /home/super/Documents/projects/Sankofa/vendor/laravel/framework/src/Illuminate/Foundation/Console/Kernel.php(127): Illuminate\\Foundation\\Console\\Kernel->bootstrap()
#25 Command line code(1): Illuminate\\Foundation\\Console\\Kernel->handle()
#26 {main}

[previous exception] [object] (PDOException(code: 2002): SQLSTATE[HY000] [2002] Connection refused at /home/super/Documents/projects/Sankofa/vendor/laravel/framework/src/Illuminate/Database/Connectors/Connector.php:70)
[stacktrace]
#0 /home/super/Documents/projects/Sankofa/vendor/laravel/framework/src/Illuminate/Database/Connectors/Connector.php(70): PDO->__construct()
#1 /home/super/Documents/projects/Sankofa/vendor/laravel/framework/src/Illuminate/Database/Connectors/Connector.php(100): Illuminate\\Database\\Connectors\\Connector->createPdoConnection()
#2 /home/super/Documents/projects/Sankofa/vendor/laravel/framework/src/Illuminate/Database/Connectors/Connector.php(50): Illuminate\\Database\\Connectors\\Connector->tryAgainIfCausedByLostConnection()
#3 /home/super/Documents/projects/Sankofa/vendor/laravel/framework/src/Illuminate/Database/Connectors/MySqlConnector.php(24): Illuminate\\Database\\Connectors\\Connector->createConnection()
#4 /home/super/Documents/projects/Sankofa/vendor/laravel/framework/src/Illuminate/Database/Connectors/ConnectionFactory.php(184): Illuminate\\Database\\Connectors\\MySqlConnector->connect()
#5 [internal function]: Illuminate\\Database\\Connectors\\ConnectionFactory->Illuminate\\Database\\Connectors\\{closure}()
#6 /home/super/Documents/projects/Sankofa/vendor/laravel/framework/src/Illuminate/Database/Connection.php(1021): call_user_func()
#7 /home/super/Documents/projects/Sankofa/vendor/laravel/framework/src/Illuminate/Database/Connection.php(1057): Illuminate\\Database\\Connection->getPdo()
#8 /home/super/Documents/projects/Sankofa/vendor/laravel/framework/src/Illuminate/Database/Connection.php(433): Illuminate\\Database\\Connection->getReadPdo()
#9 /home/super/Documents/projects/Sankofa/vendor/laravel/framework/src/Illuminate/Database/Connection.php(359): Illuminate\\Database\\Connection->getPdoForSelect()
#10 /home/super/Documents/projects/Sankofa/vendor/laravel/framework/src/Illuminate/Database/Connection.php(696): Illuminate\\Database\\Connection->Illuminate\\Database\\{closure}()
#11 /home/super/Documents/projects/Sankofa/vendor/laravel/framework/src/Illuminate/Database/Connection.php(775): Illuminate\\Database\\Connection->runQueryCallback()
#12 /home/super/Documents/projects/Sankofa/vendor/laravel/framework/src/Illuminate/Database/Connection.php(755): Illuminate\\Database\\Connection->tryAgainIfCausedByLostConnection()
#13 /home/super/Documents/projects/Sankofa/vendor/laravel/framework/src/Illuminate/Database/Connection.php(666): Illuminate\\Database\\Connection->handleQueryException()
#14 /home/super/Documents/projects/Sankofa/vendor/laravel/framework/src/Illuminate/Database/Connection.php(367): Illuminate\\Database\\Connection->run()
#15 /home/super/Documents/projects/Sankofa/vendor/laravel/framework/src/Illuminate/Database/Query/Builder.php(2350): Illuminate\\Database\\Connection->select()
#16 /home/super/Documents/projects/Sankofa/vendor/laravel/framework/src/Illuminate/Database/Query/Builder.php(2338): Illuminate\\Database\\Query\\Builder->runSelect()
#17 /home/super/Documents/projects/Sankofa/vendor/laravel/framework/src/Illuminate/Database/Query/Builder.php(2872): Illuminate\\Database\\Query\\Builder->Illuminate\\Database\\Query\\{closure}()
#18 /home/super/Documents/projects/Sankofa/vendor/laravel/framework/src/Illuminate/Database/Query/Builder.php(2339): Illuminate\\Database\\Query\\Builder->onceWithColumns()
#19 /home/super/Documents/projects/Sankofa/vendor/laravel/framework/src/Illuminate/Database/Eloquent/Builder.php(615): Illuminate\\Database\\Query\\Builder->get()
#20 /home/super/Documents/projects/Sankofa/vendor/laravel/framework/src/Illuminate/Database/Eloquent/Builder.php(599): Illuminate\\Database\\Eloquent\\Builder->getModels()
#21 /home/super/Documents/projects/Sankofa/vendor/laravel/framework/src/Illuminate/Database/Concerns/BuildsQueries.php(259): Illuminate\\Database\\Eloquent\\Builder->get()
#22 /home/super/Documents/projects/Sankofa/app/Providers/AppServiceProvider.php(36): Illuminate\\Database\\Eloquent\\Builder->first()
#23 /home/super/Documents/projects/Sankofa/vendor/laravel/framework/src/Illuminate/Container/BoundMethod.php(36): App\\Providers\\AppServiceProvider->boot()
#24 /home/super/Documents/projects/Sankofa/vendor/laravel/framework/src/Illuminate/Container/Util.php(40): Illuminate\\Container\\BoundMethod::Illuminate\\Container\\{closure}()
#25 /home/super/Documents/projects/Sankofa/vendor/laravel/framework/src/Illuminate/Container/BoundMethod.php(93): Illuminate\\Container\\Util::unwrapIfClosure()
#26 /home/super/Documents/projects/Sankofa/vendor/laravel/framework/src/Illuminate/Container/BoundMethod.php(37): Illuminate\\Container\\BoundMethod::callBoundMethod()
#27 /home/super/Documents/projects/Sankofa/vendor/laravel/framework/src/Illuminate/Container/Container.php(653): Illuminate\\Container\\BoundMethod::call()
#28 /home/super/Documents/projects/Sankofa/vendor/laravel/framework/src/Illuminate/Foundation/Application.php(914): Illuminate\\Container\\Container->call()
#29 /home/super/Documents/projects/Sankofa/vendor/laravel/framework/src/Illuminate/Foundation/Application.php(895): Illuminate\\Foundation\\Application->bootProvider()
#30 [internal function]: Illuminate\\Foundation\\Application->Illuminate\\Foundation\\{closure}()
#31 /home/super/Documents/projects/Sankofa/vendor/laravel/framework/src/Illuminate/Foundation/Application.php(896): array_walk()
#32 /home/super/Documents/projects/Sankofa/vendor/laravel/framework/src/Illuminate/Foundation/Bootstrap/BootProviders.php(17): Illuminate\\Foundation\\Application->boot()
#33 /home/super/Documents/projects/Sankofa/vendor/laravel/framework/src/Illuminate/Foundation/Application.php(237): Illuminate\\Foundation\\Bootstrap\\BootProviders->bootstrap()
#34 /home/super/Documents/projects/Sankofa/vendor/laravel/framework/src/Illuminate/Foundation/Console/Kernel.php(310): Illuminate\\Foundation\\Application->bootstrapWith()
#35 /home/super/Documents/projects/Sankofa/vendor/laravel/framework/src/Illuminate/Foundation/Console/Kernel.php(127): Illuminate\\Foundation\\Console\\Kernel->bootstrap()
#36 Command line code(1): Illuminate\\Foundation\\Console\\Kernel->handle()
#37 {main}
"} 
